<?xml version="1.0" encoding="UTF-8"?>
<coverage generated="1763401501352" clover="3.2.0">
  <project timestamp="1763401501352" name="All files">
    <metrics statements="297" coveredstatements="297" conditionals="107" coveredconditionals="107" methods="88" coveredmethods="88" elements="492" coveredelements="492" complexity="0" loc="297" ncloc="297" packages="10" files="21" classes="21"/>
    <package name="app">
      <metrics statements="10" coveredstatements="10" conditionals="0" coveredconditionals="0" methods="1" coveredmethods="1"/>
      <file name="main.ts" path="C:\Users\aleksandr.shepilov\Desktop\Design-Patterns-JS\src\app\main.ts">
        <metrics statements="10" coveredstatements="10" conditionals="0" coveredconditionals="0" methods="1" coveredmethods="1"/>
        <line num="1" count="1" type="stmt"/>
        <line num="2" count="1" type="stmt"/>
        <line num="3" count="1" type="stmt"/>
        <line num="5" count="1" type="stmt"/>
        <line num="6" count="2" type="stmt"/>
        <line num="8" count="2" type="stmt"/>
        <line num="9" count="2" type="stmt"/>
        <line num="10" count="1" type="stmt"/>
        <line num="12" count="1" type="stmt"/>
        <line num="14" count="1" type="stmt"/>
      </file>
    </package>
    <package name="common.errors">
      <metrics statements="17" coveredstatements="17" conditionals="2" coveredconditionals="2" methods="5" coveredmethods="5"/>
      <file name="ConeValidationError.ts" path="C:\Users\aleksandr.shepilov\Desktop\Design-Patterns-JS\src\common\errors\ConeValidationError.ts">
        <metrics statements="3" coveredstatements="3" conditionals="0" coveredconditionals="0" methods="1" coveredmethods="1"/>
        <line num="1" count="6" type="stmt"/>
        <line num="3" count="52" type="stmt"/>
        <line num="4" count="52" type="stmt"/>
      </file>
      <file name="FileReadError.ts" path="C:\Users\aleksandr.shepilov\Desktop\Design-Patterns-JS\src\common\errors\FileReadError.ts">
        <metrics statements="3" coveredstatements="3" conditionals="0" coveredconditionals="0" methods="1" coveredmethods="1"/>
        <line num="1" count="5" type="stmt"/>
        <line num="3" count="7" type="stmt"/>
        <line num="4" count="7" type="stmt"/>
      </file>
      <file name="ReadParametersError.ts" path="C:\Users\aleksandr.shepilov\Desktop\Design-Patterns-JS\src\common\errors\ReadParametersError.ts">
        <metrics statements="5" coveredstatements="5" conditionals="2" coveredconditionals="2" methods="1" coveredmethods="1"/>
        <line num="1" count="5" type="stmt"/>
        <line num="3" count="8" type="stmt"/>
        <line num="4" count="8" type="stmt"/>
        <line num="6" count="8" type="cond" truecount="2" falsecount="0"/>
        <line num="7" count="7" type="stmt"/>
      </file>
      <file name="RectangleValidationError.ts" path="C:\Users\aleksandr.shepilov\Desktop\Design-Patterns-JS\src\common\errors\RectangleValidationError.ts">
        <metrics statements="3" coveredstatements="3" conditionals="0" coveredconditionals="0" methods="1" coveredmethods="1"/>
        <line num="1" count="4" type="stmt"/>
        <line num="3" count="18" type="stmt"/>
        <line num="4" count="18" type="stmt"/>
      </file>
      <file name="ShapeValidationError.ts" path="C:\Users\aleksandr.shepilov\Desktop\Design-Patterns-JS\src\common\errors\ShapeValidationError.ts">
        <metrics statements="3" coveredstatements="3" conditionals="0" coveredconditionals="0" methods="1" coveredmethods="1"/>
        <line num="1" count="1" type="stmt"/>
        <line num="3" count="2" type="stmt"/>
        <line num="4" count="2" type="stmt"/>
      </file>
    </package>
    <package name="common.logging">
      <metrics statements="7" coveredstatements="7" conditionals="0" coveredconditionals="0" methods="4" coveredmethods="4"/>
      <file name="logger.ts" path="C:\Users\aleksandr.shepilov\Desktop\Design-Patterns-JS\src\common\logging\logger.ts">
        <metrics statements="7" coveredstatements="7" conditionals="0" coveredconditionals="0" methods="4" coveredmethods="4"/>
        <line num="1" count="6" type="stmt"/>
        <line num="6" count="6" type="stmt"/>
        <line num="33" count="6" type="stmt"/>
        <line num="35" count="1" type="stmt"/>
        <line num="39" count="1" type="stmt"/>
        <line num="43" count="1" type="stmt"/>
        <line num="47" count="26" type="stmt"/>
      </file>
    </package>
    <package name="cone">
      <metrics statements="44" coveredstatements="44" conditionals="11" coveredconditionals="11" methods="9" coveredmethods="9"/>
      <file name="coneFactory.ts" path="C:\Users\aleksandr.shepilov\Desktop\Design-Patterns-JS\src\cone\coneFactory.ts">
        <metrics statements="12" coveredstatements="12" conditionals="0" coveredconditionals="0" methods="2" coveredmethods="2"/>
        <line num="1" count="4" type="stmt"/>
        <line num="2" count="4" type="stmt"/>
        <line num="3" count="4" type="stmt"/>
        <line num="5" count="4" type="stmt"/>
        <line num="9" count="16" type="stmt"/>
        <line num="11" count="14" type="stmt"/>
        <line num="12" count="14" type="stmt"/>
        <line num="14" count="14" type="stmt"/>
        <line num="19" count="2" type="stmt"/>
        <line num="20" count="2" type="stmt"/>
        <line num="21" count="1" type="stmt"/>
        <line num="23" count="1" type="stmt"/>
      </file>
      <file name="coneModel.ts" path="C:\Users\aleksandr.shepilov\Desktop\Design-Patterns-JS\src\cone\coneModel.ts">
        <metrics statements="32" coveredstatements="32" conditionals="11" coveredconditionals="11" methods="7" coveredmethods="7"/>
        <line num="1" count="6" type="stmt"/>
        <line num="2" count="6" type="stmt"/>
        <line num="13" count="6" type="stmt"/>
        <line num="19" count="38" type="stmt"/>
        <line num="24" count="38" type="cond" truecount="4" falsecount="0"/>
        <line num="25" count="8" type="stmt"/>
        <line num="28" count="30" type="stmt"/>
        <line num="29" count="30" type="stmt"/>
        <line num="30" count="30" type="stmt"/>
        <line num="35" count="16" type="stmt"/>
        <line num="40" count="3" type="stmt"/>
        <line num="45" count="1" type="stmt"/>
        <line num="46" count="1" type="stmt"/>
        <line num="47" count="1" type="stmt"/>
        <line num="48" count="1" type="stmt"/>
        <line num="59" count="4" type="stmt"/>
        <line num="60" count="4" type="stmt"/>
        <line num="62" count="4" type="cond" truecount="4" falsecount="0"/>
        <line num="63" count="3" type="stmt"/>
        <line num="67" count="1" type="stmt"/>
        <line num="68" count="1" type="stmt"/>
        <line num="71" count="1" type="stmt"/>
        <line num="74" count="1" type="stmt"/>
        <line num="76" count="1" type="stmt"/>
        <line num="86" count="4" type="stmt"/>
        <line num="95" count="2" type="stmt"/>
        <line num="96" count="2" type="stmt"/>
        <line num="97" count="2" type="stmt"/>
        <line num="99" count="2" type="stmt"/>
        <line num="100" count="2" type="stmt"/>
        <line num="101" count="2" type="stmt"/>
        <line num="103" count="2" type="stmt"/>
      </file>
    </package>
    <package name="factories">
      <metrics statements="22" coveredstatements="22" conditionals="0" coveredconditionals="0" methods="4" coveredmethods="4"/>
      <file name="coneFactory.ts" path="C:\Users\aleksandr.shepilov\Desktop\Design-Patterns-JS\src\factories\coneFactory.ts">
        <metrics statements="12" coveredstatements="12" conditionals="0" coveredconditionals="0" methods="2" coveredmethods="2"/>
        <line num="1" count="1" type="stmt"/>
        <line num="2" count="1" type="stmt"/>
        <line num="3" count="1" type="stmt"/>
        <line num="5" count="1" type="stmt"/>
        <line num="9" count="3" type="stmt"/>
        <line num="11" count="2" type="stmt"/>
        <line num="12" count="2" type="stmt"/>
        <line num="14" count="2" type="stmt"/>
        <line num="19" count="2" type="stmt"/>
        <line num="20" count="2" type="stmt"/>
        <line num="21" count="1" type="stmt"/>
        <line num="23" count="1" type="stmt"/>
      </file>
      <file name="rectangleFactory.ts" path="C:\Users\aleksandr.shepilov\Desktop\Design-Patterns-JS\src\factories\rectangleFactory.ts">
        <metrics statements="10" coveredstatements="10" conditionals="0" coveredconditionals="0" methods="2" coveredmethods="2"/>
        <line num="1" count="3" type="stmt"/>
        <line num="2" count="3" type="stmt"/>
        <line num="4" count="3" type="stmt"/>
        <line num="7" count="23" type="stmt"/>
        <line num="9" count="22" type="stmt"/>
        <line num="11" count="22" type="stmt"/>
        <line num="16" count="2" type="stmt"/>
        <line num="17" count="2" type="stmt"/>
        <line num="18" count="1" type="stmt"/>
        <line num="21" count="1" type="stmt"/>
      </file>
    </package>
    <package name="geometry">
      <metrics statements="20" coveredstatements="20" conditionals="9" coveredconditionals="9" methods="6" coveredmethods="6"/>
      <file name="point2D.ts" path="C:\Users\aleksandr.shepilov\Desktop\Design-Patterns-JS\src\geometry\point2D.ts">
        <metrics statements="9" coveredstatements="9" conditionals="4" coveredconditionals="4" methods="3" coveredmethods="3"/>
        <line num="2" count="3" type="stmt"/>
        <line num="7" count="53" type="cond" truecount="4" falsecount="0"/>
        <line num="8" count="6" type="stmt"/>
        <line num="11" count="47" type="stmt"/>
        <line num="12" count="47" type="stmt"/>
        <line num="17" count="20" type="stmt"/>
        <line num="18" count="20" type="stmt"/>
        <line num="19" count="20" type="stmt"/>
        <line num="24" count="2" type="stmt"/>
      </file>
      <file name="point3D.ts" path="C:\Users\aleksandr.shepilov\Desktop\Design-Patterns-JS\src\geometry\point3D.ts">
        <metrics statements="11" coveredstatements="11" conditionals="5" coveredconditionals="5" methods="3" coveredmethods="3"/>
        <line num="2" count="7" type="stmt"/>
        <line num="8" count="49" type="cond" truecount="5" falsecount="0"/>
        <line num="9" count="9" type="stmt"/>
        <line num="12" count="40" type="stmt"/>
        <line num="13" count="40" type="stmt"/>
        <line num="14" count="40" type="stmt"/>
        <line num="19" count="1" type="stmt"/>
        <line num="20" count="1" type="stmt"/>
        <line num="21" count="1" type="stmt"/>
        <line num="22" count="1" type="stmt"/>
        <line num="27" count="1" type="stmt"/>
      </file>
    </package>
    <package name="rectangle">
      <metrics statements="29" coveredstatements="29" conditionals="10" coveredconditionals="10" methods="7" coveredmethods="7"/>
      <file name="rectangleFactory.ts" path="C:\Users\aleksandr.shepilov\Desktop\Design-Patterns-JS\src\rectangle\rectangleFactory.ts">
        <metrics statements="10" coveredstatements="10" conditionals="0" coveredconditionals="0" methods="2" coveredmethods="2"/>
        <line num="1" count="1" type="stmt"/>
        <line num="3" count="1" type="stmt"/>
        <line num="6" count="1" type="stmt"/>
        <line num="10" count="2" type="stmt"/>
        <line num="12" count="2" type="stmt"/>
        <line num="14" count="2" type="stmt"/>
        <line num="19" count="2" type="stmt"/>
        <line num="20" count="2" type="stmt"/>
        <line num="21" count="1" type="stmt"/>
        <line num="23" count="1" type="stmt"/>
      </file>
      <file name="rectangleModel.ts" path="C:\Users\aleksandr.shepilov\Desktop\Design-Patterns-JS\src\rectangle\rectangleModel.ts">
        <metrics statements="19" coveredstatements="19" conditionals="10" coveredconditionals="10" methods="5" coveredmethods="5"/>
        <line num="1" count="4" type="stmt"/>
        <line num="4" count="4" type="stmt"/>
        <line num="11" count="52" type="stmt"/>
        <line num="16" count="52" type="cond" truecount="4" falsecount="0"/>
        <line num="17" count="10" type="stmt"/>
        <line num="20" count="42" type="stmt"/>
        <line num="21" count="42" type="stmt"/>
        <line num="22" count="42" type="stmt"/>
        <line num="23" count="42" type="stmt"/>
        <line num="28" count="28" type="stmt"/>
        <line num="33" count="2" type="stmt"/>
        <line num="38" count="2" type="stmt"/>
        <line num="46" count="8" type="stmt"/>
        <line num="47" count="8" type="stmt"/>
        <line num="48" count="8" type="stmt"/>
        <line num="49" count="8" type="stmt"/>
        <line num="52" count="8" type="cond" truecount="2" falsecount="0"/>
        <line num="54" count="8" type="cond" truecount="2" falsecount="0"/>
        <line num="56" count="8" type="cond" truecount="2" falsecount="0"/>
      </file>
    </package>
    <package name="services">
      <metrics statements="71" coveredstatements="71" conditionals="26" coveredconditionals="26" methods="29" coveredmethods="29"/>
      <file name="coneService.ts" path="C:\Users\aleksandr.shepilov\Desktop\Design-Patterns-JS\src\services\coneService.ts">
        <metrics statements="34" coveredstatements="34" conditionals="10" coveredconditionals="10" methods="15" coveredmethods="15"/>
        <line num="1" count="2" type="stmt"/>
        <line num="4" count="2" type="stmt"/>
        <line num="5" count="2" type="stmt"/>
        <line num="7" count="2" type="stmt"/>
        <line num="8" count="2" type="stmt"/>
        <line num="9" count="2" type="stmt"/>
        <line num="11" count="2" type="stmt"/>
        <line num="14" count="1" type="stmt"/>
        <line num="18" count="1" type="stmt"/>
        <line num="22" count="3" type="stmt"/>
        <line num="26" count="4" type="stmt"/>
        <line num="30" count="3" type="cond" truecount="2" falsecount="0"/>
        <line num="32" count="2" type="stmt"/>
        <line num="33" count="3" type="cond" truecount="2" falsecount="0"/>
        <line num="38" count="3" type="cond" truecount="2" falsecount="0"/>
        <line num="40" count="2" type="stmt"/>
        <line num="41" count="3" type="cond" truecount="2" falsecount="0"/>
        <line num="46" count="3" type="cond" truecount="2" falsecount="0"/>
        <line num="47" count="1" type="stmt"/>
        <line num="49" count="4" type="stmt"/>
        <line num="55" count="8" type="stmt"/>
        <line num="56" count="8" type="stmt"/>
        <line num="58" count="1" type="stmt"/>
        <line num="61" count="7" type="stmt"/>
        <line num="63" count="39" type="stmt"/>
        <line num="64" count="39" type="stmt"/>
        <line num="66" count="7" type="stmt"/>
        <line num="68" count="7" type="stmt"/>
        <line num="69" count="30" type="stmt"/>
        <line num="70" count="30" type="stmt"/>
        <line num="71" count="14" type="stmt"/>
        <line num="72" count="14" type="stmt"/>
        <line num="74" count="16" type="stmt"/>
        <line num="80" count="7" type="stmt"/>
      </file>
      <file name="rectangleService.ts" path="C:\Users\aleksandr.shepilov\Desktop\Design-Patterns-JS\src\services\rectangleService.ts">
        <metrics statements="37" coveredstatements="37" conditionals="16" coveredconditionals="16" methods="14" coveredmethods="14"/>
        <line num="1" count="2" type="stmt"/>
        <line num="3" count="2" type="stmt"/>
        <line num="4" count="2" type="stmt"/>
        <line num="5" count="2" type="stmt"/>
        <line num="6" count="2" type="stmt"/>
        <line num="7" count="2" type="stmt"/>
        <line num="9" count="2" type="stmt"/>
        <line num="13" count="9" type="stmt"/>
        <line num="14" count="9" type="stmt"/>
        <line num="16" count="2" type="stmt"/>
        <line num="19" count="7" type="stmt"/>
        <line num="21" count="34" type="stmt"/>
        <line num="22" count="34" type="stmt"/>
        <line num="24" count="7" type="stmt"/>
        <line num="26" count="7" type="stmt"/>
        <line num="27" count="30" type="stmt"/>
        <line num="28" count="30" type="stmt"/>
        <line num="29" count="24" type="stmt"/>
        <line num="30" count="19" type="stmt"/>
        <line num="32" count="11" type="stmt"/>
        <line num="38" count="7" type="stmt"/>
        <line num="42" count="3" type="cond" truecount="2" falsecount="0"/>
        <line num="43" count="1" type="stmt"/>
        <line num="45" count="5" type="stmt"/>
        <line num="49" count="3" type="stmt"/>
        <line num="53" count="7" type="cond" truecount="2" falsecount="0"/>
        <line num="54" count="1" type="stmt"/>
        <line num="56" count="6" type="cond" truecount="2" falsecount="0"/>
        <line num="57" count="7" type="cond" truecount="2" falsecount="0"/>
        <line num="61" count="6" type="stmt"/>
        <line num="65" count="5" type="cond" truecount="2" falsecount="0"/>
        <line num="66" count="1" type="stmt"/>
        <line num="68" count="4" type="stmt"/>
        <line num="72" count="5" type="cond" truecount="2" falsecount="0"/>
        <line num="73" count="1" type="stmt"/>
        <line num="75" count="4" type="cond" truecount="2" falsecount="0"/>
        <line num="76" count="4" type="cond" truecount="2" falsecount="0"/>
      </file>
    </package>
    <package name="shapes">
      <metrics statements="42" coveredstatements="42" conditionals="19" coveredconditionals="19" methods="17" coveredmethods="17"/>
      <file name="rectangle.ts" path="C:\Users\aleksandr.shepilov\Desktop\Design-Patterns-JS\src\shapes\rectangle.ts">
        <metrics statements="34" coveredstatements="34" conditionals="15" coveredconditionals="15" methods="15" coveredmethods="15"/>
        <line num="3" count="2" type="stmt"/>
        <line num="10" count="15" type="stmt"/>
        <line num="11" count="15" type="stmt"/>
        <line num="12" count="15" type="stmt"/>
        <line num="13" count="15" type="stmt"/>
        <line num="15" count="15" type="cond" truecount="2" falsecount="0"/>
        <line num="16" count="2" type="stmt"/>
        <line num="22" count="60" type="stmt"/>
        <line num="27" count="54" type="stmt"/>
        <line num="32" count="60" type="stmt"/>
        <line num="37" count="15" type="stmt"/>
        <line num="38" count="15" type="stmt"/>
        <line num="39" count="15" type="stmt"/>
        <line num="40" count="15" type="stmt"/>
        <line num="43" count="15" type="cond" truecount="4" falsecount="0"/>
        <line num="48" count="15" type="stmt"/>
        <line num="57" count="15" type="cond" truecount="2" falsecount="0"/>
        <line num="60" count="15" type="cond" truecount="2" falsecount="0"/>
        <line num="65" count="5" type="stmt"/>
        <line num="69" count="5" type="stmt"/>
        <line num="74" count="1" type="stmt"/>
        <line num="79" count="1" type="stmt"/>
        <line num="84" count="2" type="stmt"/>
        <line num="85" count="5" type="cond" truecount="2" falsecount="0"/>
        <line num="94" count="1" type="stmt"/>
        <line num="99" count="2" type="stmt"/>
        <line num="100" count="2" type="stmt"/>
        <line num="101" count="2" type="stmt"/>
        <line num="107" count="2" type="stmt"/>
        <line num="108" count="2" type="stmt"/>
        <line num="109" count="2" type="stmt"/>
        <line num="110" count="2" type="stmt"/>
        <line num="112" count="2" type="stmt"/>
        <line num="125" count="1" type="stmt"/>
      </file>
      <file name="shape.ts" path="C:\Users\aleksandr.shepilov\Desktop\Design-Patterns-JS\src\shapes\shape.ts">
        <metrics statements="8" coveredstatements="8" conditionals="4" coveredconditionals="4" methods="2" coveredmethods="2"/>
        <line num="8" count="9" type="stmt"/>
        <line num="20" count="80" type="stmt"/>
        <line num="21" count="80" type="stmt"/>
        <line num="22" count="80" type="cond" truecount="2" falsecount="0"/>
        <line num="23" count="80" type="cond" truecount="2" falsecount="0"/>
        <line num="28" count="80" type="stmt"/>
        <line num="29" count="80" type="stmt"/>
        <line num="30" count="80" type="stmt"/>
      </file>
    </package>
    <package name="validators">
      <metrics statements="35" coveredstatements="35" conditionals="30" coveredconditionals="30" methods="6" coveredmethods="6"/>
      <file name="coneValidator.ts" path="C:\Users\aleksandr.shepilov\Desktop\Design-Patterns-JS\src\validators\coneValidator.ts">
        <metrics statements="22" coveredstatements="22" conditionals="22" coveredconditionals="22" methods="4" coveredmethods="4"/>
        <line num="1" count="6" type="stmt"/>
        <line num="7" count="6" type="stmt"/>
        <line num="12" count="50" type="cond" truecount="2" falsecount="0"/>
        <line num="13" count="2" type="stmt"/>
        <line num="16" count="48" type="stmt"/>
        <line num="18" count="48" type="cond" truecount="2" falsecount="0"/>
        <line num="19" count="12" type="stmt"/>
        <line num="24" count="36" type="stmt"/>
        <line num="26" count="152" type="cond" truecount="4" falsecount="0"/>
        <line num="27" count="10" type="stmt"/>
        <line num="30" count="26" type="stmt"/>
        <line num="32" count="26" type="cond" truecount="4" falsecount="0"/>
        <line num="33" count="12" type="stmt"/>
        <line num="36" count="14" type="stmt"/>
        <line num="43" count="33" type="cond" truecount="2" falsecount="0"/>
        <line num="44" count="6" type="stmt"/>
        <line num="49" count="27" type="stmt"/>
        <line num="51" count="27" type="cond" truecount="2" falsecount="0"/>
        <line num="53" count="130" type="cond" truecount="2" falsecount="0"/>
        <line num="56" count="3" type="stmt"/>
        <line num="59" count="24" type="cond" truecount="4" falsecount="0"/>
        <line num="60" count="7" type="stmt"/>
      </file>
      <file name="rectangleValidator.ts" path="C:\Users\aleksandr.shepilov\Desktop\Design-Patterns-JS\src\validators\rectangleValidator.ts">
        <metrics statements="13" coveredstatements="13" conditionals="8" coveredconditionals="8" methods="2" coveredmethods="2"/>
        <line num="1" count="4" type="stmt"/>
        <line num="3" count="4" type="stmt"/>
        <line num="7" count="29" type="cond" truecount="2" falsecount="0"/>
        <line num="8" count="3" type="stmt"/>
        <line num="13" count="26" type="cond" truecount="2" falsecount="0"/>
        <line num="14" count="1" type="stmt"/>
        <line num="20" count="39" type="stmt"/>
        <line num="22" count="39" type="cond" truecount="2" falsecount="0"/>
        <line num="23" count="6" type="stmt"/>
        <line num="28" count="33" type="stmt"/>
        <line num="30" count="33" type="cond" truecount="2" falsecount="0"/>
        <line num="31" count="8" type="stmt"/>
        <line num="34" count="25" type="stmt"/>
      </file>
    </package>
  </project>
</coverage>
