{"C:\\Users\\aleksandr.shepilov\\Desktop\\Design-Patterns-JS\\src\\app\\main.ts": {"path":"C:\\Users\\aleksandr.shepilov\\Desktop\\Design-Patterns-JS\\src\\app\\main.ts","statementMap":{"0":{"start":{"line":5,"column":0},"end":{"line":5,"column":16}},"1":{"start":{"line":1,"column":0},"end":{"line":1,"column":60}},"2":{"start":{"line":2,"column":0},"end":{"line":2,"column":50}},"3":{"start":{"line":3,"column":0},"end":{"line":3,"column":50}},"4":{"start":{"line":6,"column":4},"end":{"line":6,"column":47}},"5":{"start":{"line":8,"column":4},"end":{"line":15,"column":5}},"6":{"start":{"line":9,"column":21},"end":{"line":9,"column":65}},"7":{"start":{"line":10,"column":21},"end":{"line":10,"column":50}},"8":{"start":{"line":12,"column":8},"end":{"line":12,"column":85}},"9":{"start":{"line":14,"column":8},"end":{"line":14,"column":53}}},"fnMap":{"0":{"name":"runExample","decl":{"start":{"line":5,"column":16},"end":{"line":5,"column":26}},"loc":{"start":{"line":5,"column":26},"end":{"line":16,"column":1}}}},"branchMap":{},"s":{"0":1,"1":1,"2":1,"3":1,"4":2,"5":2,"6":2,"7":1,"8":1,"9":1},"f":{"0":2},"b":{}}
,"C:\\Users\\aleksandr.shepilov\\Desktop\\Design-Patterns-JS\\src\\common\\errors\\ConeValidationError.ts": {"path":"C:\\Users\\aleksandr.shepilov\\Desktop\\Design-Patterns-JS\\src\\common\\errors\\ConeValidationError.ts","statementMap":{"0":{"start":{"line":3,"column":8},"end":{"line":3,"column":23}},"1":{"start":{"line":4,"column":8},"end":{"line":4,"column":42}},"2":{"start":{"line":1,"column":0},"end":{"line":1,"column":13}}},"fnMap":{"0":{"name":"(anonymous_0)","decl":{"start":{"line":2,"column":4},"end":{"line":2,"column":16}},"loc":{"start":{"line":2,"column":31},"end":{"line":5,"column":5}}}},"branchMap":{},"s":{"0":52,"1":52,"2":6},"f":{"0":52},"b":{}}
,"C:\\Users\\aleksandr.shepilov\\Desktop\\Design-Patterns-JS\\src\\common\\errors\\FileReadError.ts": {"path":"C:\\Users\\aleksandr.shepilov\\Desktop\\Design-Patterns-JS\\src\\common\\errors\\FileReadError.ts","statementMap":{"0":{"start":{"line":3,"column":8},"end":{"line":3,"column":23}},"1":{"start":{"line":4,"column":8},"end":{"line":4,"column":36}},"2":{"start":{"line":1,"column":0},"end":{"line":1,"column":13}}},"fnMap":{"0":{"name":"(anonymous_0)","decl":{"start":{"line":2,"column":4},"end":{"line":2,"column":16}},"loc":{"start":{"line":2,"column":31},"end":{"line":5,"column":5}}}},"branchMap":{},"s":{"0":7,"1":7,"2":5},"f":{"0":7},"b":{}}
,"C:\\Users\\aleksandr.shepilov\\Desktop\\Design-Patterns-JS\\src\\common\\errors\\ReadParametersError.ts": {"path":"C:\\Users\\aleksandr.shepilov\\Desktop\\Design-Patterns-JS\\src\\common\\errors\\ReadParametersError.ts","statementMap":{"0":{"start":{"line":3,"column":8},"end":{"line":3,"column":23}},"1":{"start":{"line":4,"column":8},"end":{"line":4,"column":42}},"2":{"start":{"line":6,"column":8},"end":{"line":8,"column":9}},"3":{"start":{"line":7,"column":12},"end":{"line":7,"column":63}},"4":{"start":{"line":1,"column":0},"end":{"line":1,"column":13}}},"fnMap":{"0":{"name":"(anonymous_0)","decl":{"start":{"line":2,"column":4},"end":{"line":2,"column":16}},"loc":{"start":{"line":2,"column":31},"end":{"line":9,"column":5}}}},"branchMap":{"0":{"loc":{"start":{"line":6,"column":8},"end":{"line":8,"column":9}},"type":"if","locations":[{"start":{"line":6,"column":8},"end":{"line":8,"column":9}},{"start":{},"end":{}}]}},"s":{"0":8,"1":8,"2":8,"3":7,"4":5},"f":{"0":8},"b":{"0":[7,1]}}
,"C:\\Users\\aleksandr.shepilov\\Desktop\\Design-Patterns-JS\\src\\common\\errors\\RectangleValidationError.ts": {"path":"C:\\Users\\aleksandr.shepilov\\Desktop\\Design-Patterns-JS\\src\\common\\errors\\RectangleValidationError.ts","statementMap":{"0":{"start":{"line":3,"column":8},"end":{"line":3,"column":23}},"1":{"start":{"line":4,"column":8},"end":{"line":4,"column":47}},"2":{"start":{"line":1,"column":0},"end":{"line":1,"column":13}}},"fnMap":{"0":{"name":"(anonymous_0)","decl":{"start":{"line":2,"column":4},"end":{"line":2,"column":16}},"loc":{"start":{"line":2,"column":31},"end":{"line":5,"column":5}}}},"branchMap":{},"s":{"0":18,"1":18,"2":4},"f":{"0":18},"b":{}}
,"C:\\Users\\aleksandr.shepilov\\Desktop\\Design-Patterns-JS\\src\\common\\errors\\ShapeValidationError.ts": {"path":"C:\\Users\\aleksandr.shepilov\\Desktop\\Design-Patterns-JS\\src\\common\\errors\\ShapeValidationError.ts","statementMap":{"0":{"start":{"line":3,"column":8},"end":{"line":3,"column":23}},"1":{"start":{"line":4,"column":8},"end":{"line":4,"column":43}},"2":{"start":{"line":1,"column":0},"end":{"line":1,"column":13}}},"fnMap":{"0":{"name":"(anonymous_0)","decl":{"start":{"line":2,"column":4},"end":{"line":2,"column":16}},"loc":{"start":{"line":2,"column":31},"end":{"line":5,"column":5}}}},"branchMap":{},"s":{"0":2,"1":2,"2":1},"f":{"0":2},"b":{}}
,"C:\\Users\\aleksandr.shepilov\\Desktop\\Design-Patterns-JS\\src\\common\\logging\\logger.ts": {"path":"C:\\Users\\aleksandr.shepilov\\Desktop\\Design-Patterns-JS\\src\\common\\logging\\logger.ts","statementMap":{"0":{"start":{"line":1,"column":0},"end":{"line":1,"column":24}},"1":{"start":{"line":6,"column":13},"end":{"line":28,"column":3}},"2":{"start":{"line":35,"column":8},"end":{"line":35,"column":54}},"3":{"start":{"line":39,"column":8},"end":{"line":39,"column":55}},"4":{"start":{"line":43,"column":8},"end":{"line":43,"column":57}},"5":{"start":{"line":47,"column":8},"end":{"line":47,"column":54}},"6":{"start":{"line":33,"column":0},"end":{"line":33,"column":13}}},"fnMap":{"0":{"name":"(anonymous_1)","decl":{"start":{"line":34,"column":4},"end":{"line":34,"column":10}},"loc":{"start":{"line":34,"column":51},"end":{"line":36,"column":5}}},"1":{"name":"(anonymous_2)","decl":{"start":{"line":38,"column":4},"end":{"line":38,"column":10}},"loc":{"start":{"line":38,"column":54},"end":{"line":40,"column":5}}},"2":{"name":"(anonymous_3)","decl":{"start":{"line":42,"column":4},"end":{"line":42,"column":10}},"loc":{"start":{"line":42,"column":51},"end":{"line":44,"column":5}}},"3":{"name":"(anonymous_4)","decl":{"start":{"line":46,"column":4},"end":{"line":46,"column":10}},"loc":{"start":{"line":46,"column":52},"end":{"line":48,"column":5}}}},"branchMap":{},"s":{"0":6,"1":6,"2":1,"3":1,"4":1,"5":26,"6":6},"f":{"0":1,"1":1,"2":1,"3":26},"b":{}}
,"C:\\Users\\aleksandr.shepilov\\Desktop\\Design-Patterns-JS\\src\\cone\\coneFactory.ts": {"path":"C:\\Users\\aleksandr.shepilov\\Desktop\\Design-Patterns-JS\\src\\cone\\coneFactory.ts","statementMap":{"0":{"start":{"line":1,"column":0},"end":{"line":1,"column":46}},"1":{"start":{"line":2,"column":0},"end":{"line":2,"column":40}},"2":{"start":{"line":3,"column":0},"end":{"line":3,"column":60}},"3":{"start":{"line":9,"column":8},"end":{"line":9,"column":46}},"4":{"start":{"line":11,"column":45},"end":{"line":11,"column":51}},"5":{"start":{"line":12,"column":23},"end":{"line":12,"column":46}},"6":{"start":{"line":14,"column":8},"end":{"line":14,"column":53}},"7":{"start":{"line":19,"column":8},"end":{"line":24,"column":9}},"8":{"start":{"line":20,"column":25},"end":{"line":20,"column":61}},"9":{"start":{"line":21,"column":12},"end":{"line":21,"column":49}},"10":{"start":{"line":23,"column":12},"end":{"line":23,"column":24}},"11":{"start":{"line":5,"column":0},"end":{"line":5,"column":13}}},"fnMap":{"0":{"name":"(anonymous_0)","decl":{"start":{"line":8,"column":11},"end":{"line":8,"column":17}},"loc":{"start":{"line":8,"column":46},"end":{"line":15,"column":5}}},"1":{"name":"(anonymous_1)","decl":{"start":{"line":18,"column":11},"end":{"line":18,"column":17}},"loc":{"start":{"line":18,"column":43},"end":{"line":25,"column":5}}}},"branchMap":{},"s":{"0":4,"1":4,"2":4,"3":16,"4":14,"5":14,"6":14,"7":2,"8":2,"9":1,"10":1,"11":4},"f":{"0":16,"1":2},"b":{}}
,"C:\\Users\\aleksandr.shepilov\\Desktop\\Design-Patterns-JS\\src\\cone\\coneModel.ts": {"path":"C:\\Users\\aleksandr.shepilov\\Desktop\\Design-Patterns-JS\\src\\cone\\coneModel.ts","statementMap":{"0":{"start":{"line":1,"column":0},"end":{"line":1,"column":40}},"1":{"start":{"line":2,"column":0},"end":{"line":2,"column":46}},"2":{"start":{"line":19,"column":8},"end":{"line":22,"column":11}},"3":{"start":{"line":24,"column":8},"end":{"line":26,"column":9}},"4":{"start":{"line":25,"column":12},"end":{"line":25,"column":85}},"5":{"start":{"line":28,"column":8},"end":{"line":28,"column":29}},"6":{"start":{"line":29,"column":8},"end":{"line":29,"column":29}},"7":{"start":{"line":30,"column":8},"end":{"line":30,"column":29}},"8":{"start":{"line":35,"column":8},"end":{"line":35,"column":71}},"9":{"start":{"line":40,"column":8},"end":{"line":40,"column":51}},"10":{"start":{"line":45,"column":22},"end":{"line":45,"column":86}},"11":{"start":{"line":46,"column":28},"end":{"line":46,"column":57}},"12":{"start":{"line":47,"column":21},"end":{"line":47,"column":36}},"13":{"start":{"line":48,"column":8},"end":{"line":48,"column":34}},"14":{"start":{"line":59,"column":22},"end":{"line":59,"column":35}},"15":{"start":{"line":60,"column":21},"end":{"line":60,"column":48}},"16":{"start":{"line":62,"column":8},"end":{"line":64,"column":9}},"17":{"start":{"line":63,"column":12},"end":{"line":63,"column":24}},"18":{"start":{"line":67,"column":26},"end":{"line":67,"column":39}},"19":{"start":{"line":68,"column":18},"end":{"line":68,"column":29}},"20":{"start":{"line":71,"column":28},"end":{"line":71,"column":81}},"21":{"start":{"line":74,"column":28},"end":{"line":74,"column":55}},"22":{"start":{"line":76,"column":8},"end":{"line":76,"column":41}},"23":{"start":{"line":86,"column":8},"end":{"line":90,"column":10}},"24":{"start":{"line":95,"column":18},"end":{"line":95,"column":56}},"25":{"start":{"line":96,"column":22},"end":{"line":96,"column":49}},"26":{"start":{"line":97,"column":18},"end":{"line":97,"column":45}},"27":{"start":{"line":99,"column":18},"end":{"line":99,"column":53}},"28":{"start":{"line":100,"column":18},"end":{"line":100,"column":53}},"29":{"start":{"line":101,"column":18},"end":{"line":101,"column":35}},"30":{"start":{"line":103,"column":8},"end":{"line":103,"column":36}},"31":{"start":{"line":13,"column":0},"end":{"line":13,"column":13}}},"fnMap":{"0":{"name":"(anonymous_0)","decl":{"start":{"line":18,"column":4},"end":{"line":18,"column":16}},"loc":{"start":{"line":18,"column":63},"end":{"line":31,"column":5}}},"1":{"name":"(anonymous_1)","decl":{"start":{"line":34,"column":11},"end":{"line":34,"column":17}},"loc":{"start":{"line":34,"column":17},"end":{"line":36,"column":5}}},"2":{"name":"(anonymous_2)","decl":{"start":{"line":39,"column":11},"end":{"line":39,"column":19}},"loc":{"start":{"line":39,"column":19},"end":{"line":41,"column":5}}},"3":{"name":"(anonymous_3)","decl":{"start":{"line":44,"column":11},"end":{"line":44,"column":22}},"loc":{"start":{"line":44,"column":22},"end":{"line":49,"column":5}}},"4":{"name":"(anonymous_4)","decl":{"start":{"line":58,"column":11},"end":{"line":58,"column":27}},"loc":{"start":{"line":58,"column":42},"end":{"line":77,"column":5}}},"5":{"name":"(anonymous_5)","decl":{"start":{"line":85,"column":11},"end":{"line":85,"column":34}},"loc":{"start":{"line":85,"column":34},"end":{"line":91,"column":5}}},"6":{"name":"(anonymous_6)","decl":{"start":{"line":94,"column":11},"end":{"line":94,"column":28}},"loc":{"start":{"line":94,"column":28},"end":{"line":104,"column":5}}}},"branchMap":{"0":{"loc":{"start":{"line":24,"column":8},"end":{"line":26,"column":9}},"type":"if","locations":[{"start":{"line":24,"column":8},"end":{"line":26,"column":9}},{"start":{},"end":{}}]},"1":{"loc":{"start":{"line":24,"column":12},"end":{"line":24,"column":38}},"type":"binary-expr","locations":[{"start":{"line":24,"column":12},"end":{"line":24,"column":23}},{"start":{"line":24,"column":27},"end":{"line":24,"column":38}}]},"2":{"loc":{"start":{"line":62,"column":8},"end":{"line":64,"column":9}},"type":"if","locations":[{"start":{"line":62,"column":8},"end":{"line":64,"column":9}},{"start":{},"end":{}}]},"3":{"loc":{"start":{"line":62,"column":12},"end":{"line":62,"column":45}},"type":"binary-expr","locations":[{"start":{"line":62,"column":12},"end":{"line":62,"column":27}},{"start":{"line":62,"column":31},"end":{"line":62,"column":45}}]},"4":{"loc":{"start":{"line":87,"column":12},"end":{"line":89,"column":31}},"type":"binary-expr","locations":[{"start":{"line":87,"column":12},"end":{"line":87,"column":31}},{"start":{"line":88,"column":12},"end":{"line":88,"column":31}},{"start":{"line":89,"column":12},"end":{"line":89,"column":31}}]}},"s":{"0":6,"1":6,"2":38,"3":38,"4":8,"5":30,"6":30,"7":30,"8":16,"9":3,"10":1,"11":1,"12":1,"13":1,"14":4,"15":4,"16":4,"17":3,"18":1,"19":1,"20":1,"21":1,"22":1,"23":4,"24":2,"25":2,"26":2,"27":2,"28":2,"29":2,"30":2,"31":6},"f":{"0":38,"1":16,"2":3,"3":1,"4":4,"5":4,"6":2},"b":{"0":[8,30],"1":[38,34],"2":[3,1],"3":[4,2],"4":[4,3,2]}}
,"C:\\Users\\aleksandr.shepilov\\Desktop\\Design-Patterns-JS\\src\\factories\\coneFactory.ts": {"path":"C:\\Users\\aleksandr.shepilov\\Desktop\\Design-Patterns-JS\\src\\factories\\coneFactory.ts","statementMap":{"0":{"start":{"line":1,"column":0},"end":{"line":1,"column":46}},"1":{"start":{"line":2,"column":0},"end":{"line":2,"column":46}},"2":{"start":{"line":3,"column":0},"end":{"line":3,"column":60}},"3":{"start":{"line":9,"column":8},"end":{"line":9,"column":46}},"4":{"start":{"line":11,"column":45},"end":{"line":11,"column":51}},"5":{"start":{"line":12,"column":23},"end":{"line":12,"column":46}},"6":{"start":{"line":14,"column":8},"end":{"line":14,"column":53}},"7":{"start":{"line":19,"column":8},"end":{"line":24,"column":9}},"8":{"start":{"line":20,"column":25},"end":{"line":20,"column":61}},"9":{"start":{"line":21,"column":12},"end":{"line":21,"column":49}},"10":{"start":{"line":23,"column":12},"end":{"line":23,"column":24}},"11":{"start":{"line":5,"column":0},"end":{"line":5,"column":13}}},"fnMap":{"0":{"name":"(anonymous_0)","decl":{"start":{"line":8,"column":11},"end":{"line":8,"column":17}},"loc":{"start":{"line":8,"column":46},"end":{"line":15,"column":5}}},"1":{"name":"(anonymous_1)","decl":{"start":{"line":18,"column":11},"end":{"line":18,"column":17}},"loc":{"start":{"line":18,"column":43},"end":{"line":25,"column":5}}}},"branchMap":{},"s":{"0":1,"1":1,"2":1,"3":3,"4":2,"5":2,"6":2,"7":2,"8":2,"9":1,"10":1,"11":1},"f":{"0":3,"1":2},"b":{}}
,"C:\\Users\\aleksandr.shepilov\\Desktop\\Design-Patterns-JS\\src\\factories\\rectangleFactory.ts": {"path":"C:\\Users\\aleksandr.shepilov\\Desktop\\Design-Patterns-JS\\src\\factories\\rectangleFactory.ts","statementMap":{"0":{"start":{"line":1,"column":0},"end":{"line":1,"column":61}},"1":{"start":{"line":2,"column":0},"end":{"line":2,"column":70}},"2":{"start":{"line":7,"column":8},"end":{"line":7,"column":51}},"3":{"start":{"line":9,"column":38},"end":{"line":9,"column":44}},"4":{"start":{"line":11,"column":8},"end":{"line":11,"column":55}},"5":{"start":{"line":16,"column":8},"end":{"line":22,"column":9}},"6":{"start":{"line":17,"column":25},"end":{"line":17,"column":66}},"7":{"start":{"line":18,"column":12},"end":{"line":18,"column":54}},"8":{"start":{"line":21,"column":12},"end":{"line":21,"column":24}},"9":{"start":{"line":4,"column":0},"end":{"line":4,"column":13}}},"fnMap":{"0":{"name":"(anonymous_0)","decl":{"start":{"line":6,"column":11},"end":{"line":6,"column":17}},"loc":{"start":{"line":6,"column":46},"end":{"line":12,"column":5}}},"1":{"name":"(anonymous_1)","decl":{"start":{"line":15,"column":11},"end":{"line":15,"column":17}},"loc":{"start":{"line":15,"column":43},"end":{"line":23,"column":5}}}},"branchMap":{},"s":{"0":3,"1":3,"2":23,"3":22,"4":22,"5":2,"6":2,"7":1,"8":1,"9":3},"f":{"0":23,"1":2},"b":{}}
,"C:\\Users\\aleksandr.shepilov\\Desktop\\Design-Patterns-JS\\src\\geometry\\point2D.ts": {"path":"C:\\Users\\aleksandr.shepilov\\Desktop\\Design-Patterns-JS\\src\\geometry\\point2D.ts","statementMap":{"0":{"start":{"line":7,"column":8},"end":{"line":9,"column":9}},"1":{"start":{"line":8,"column":12},"end":{"line":8,"column":74}},"2":{"start":{"line":11,"column":8},"end":{"line":11,"column":19}},"3":{"start":{"line":12,"column":8},"end":{"line":12,"column":19}},"4":{"start":{"line":17,"column":19},"end":{"line":17,"column":35}},"5":{"start":{"line":18,"column":19},"end":{"line":18,"column":35}},"6":{"start":{"line":19,"column":8},"end":{"line":19,"column":44}},"7":{"start":{"line":24,"column":8},"end":{"line":27,"column":10}},"8":{"start":{"line":2,"column":0},"end":{"line":2,"column":13}}},"fnMap":{"0":{"name":"(anonymous_0)","decl":{"start":{"line":6,"column":4},"end":{"line":6,"column":16}},"loc":{"start":{"line":6,"column":36},"end":{"line":13,"column":5}}},"1":{"name":"(anonymous_1)","decl":{"start":{"line":16,"column":11},"end":{"line":16,"column":21}},"loc":{"start":{"line":16,"column":36},"end":{"line":20,"column":5}}},"2":{"name":"(anonymous_2)","decl":{"start":{"line":23,"column":11},"end":{"line":23,"column":19}},"loc":{"start":{"line":23,"column":34},"end":{"line":28,"column":5}}}},"branchMap":{"0":{"loc":{"start":{"line":7,"column":8},"end":{"line":9,"column":9}},"type":"if","locations":[{"start":{"line":7,"column":8},"end":{"line":9,"column":9}},{"start":{},"end":{}}]},"1":{"loc":{"start":{"line":7,"column":12},"end":{"line":7,"column":54}},"type":"binary-expr","locations":[{"start":{"line":7,"column":12},"end":{"line":7,"column":31}},{"start":{"line":7,"column":35},"end":{"line":7,"column":54}}]}},"s":{"0":53,"1":6,"2":47,"3":47,"4":20,"5":20,"6":20,"7":2,"8":3},"f":{"0":53,"1":20,"2":2},"b":{"0":[6,47],"1":[53,50]}}
,"C:\\Users\\aleksandr.shepilov\\Desktop\\Design-Patterns-JS\\src\\geometry\\point3D.ts": {"path":"C:\\Users\\aleksandr.shepilov\\Desktop\\Design-Patterns-JS\\src\\geometry\\point3D.ts","statementMap":{"0":{"start":{"line":8,"column":8},"end":{"line":10,"column":9}},"1":{"start":{"line":9,"column":12},"end":{"line":9,"column":74}},"2":{"start":{"line":12,"column":8},"end":{"line":12,"column":19}},"3":{"start":{"line":13,"column":8},"end":{"line":13,"column":19}},"4":{"start":{"line":14,"column":8},"end":{"line":14,"column":19}},"5":{"start":{"line":19,"column":19},"end":{"line":19,"column":35}},"6":{"start":{"line":20,"column":19},"end":{"line":20,"column":35}},"7":{"start":{"line":21,"column":19},"end":{"line":21,"column":35}},"8":{"start":{"line":22,"column":8},"end":{"line":22,"column":54}},"9":{"start":{"line":27,"column":8},"end":{"line":31,"column":10}},"10":{"start":{"line":2,"column":0},"end":{"line":2,"column":13}}},"fnMap":{"0":{"name":"(anonymous_0)","decl":{"start":{"line":7,"column":4},"end":{"line":7,"column":16}},"loc":{"start":{"line":7,"column":47},"end":{"line":15,"column":5}}},"1":{"name":"(anonymous_1)","decl":{"start":{"line":18,"column":11},"end":{"line":18,"column":21}},"loc":{"start":{"line":18,"column":36},"end":{"line":23,"column":5}}},"2":{"name":"(anonymous_2)","decl":{"start":{"line":26,"column":11},"end":{"line":26,"column":19}},"loc":{"start":{"line":26,"column":34},"end":{"line":32,"column":5}}}},"branchMap":{"0":{"loc":{"start":{"line":8,"column":8},"end":{"line":10,"column":9}},"type":"if","locations":[{"start":{"line":8,"column":8},"end":{"line":10,"column":9}},{"start":{},"end":{}}]},"1":{"loc":{"start":{"line":8,"column":12},"end":{"line":8,"column":77}},"type":"binary-expr","locations":[{"start":{"line":8,"column":12},"end":{"line":8,"column":31}},{"start":{"line":8,"column":35},"end":{"line":8,"column":54}},{"start":{"line":8,"column":58},"end":{"line":8,"column":77}}]}},"s":{"0":49,"1":9,"2":40,"3":40,"4":40,"5":1,"6":1,"7":1,"8":1,"9":1,"10":7},"f":{"0":49,"1":1,"2":1},"b":{"0":[9,40],"1":[49,46,43]}}
,"C:\\Users\\aleksandr.shepilov\\Desktop\\Design-Patterns-JS\\src\\rectangle\\rectangleFactory.ts": {"path":"C:\\Users\\aleksandr.shepilov\\Desktop\\Design-Patterns-JS\\src\\rectangle\\rectangleFactory.ts","statementMap":{"0":{"start":{"line":1,"column":0},"end":{"line":1,"column":70}},"1":{"start":{"line":3,"column":0},"end":{"line":3,"column":50}},"2":{"start":{"line":10,"column":8},"end":{"line":10,"column":51}},"3":{"start":{"line":12,"column":38},"end":{"line":12,"column":44}},"4":{"start":{"line":14,"column":8},"end":{"line":14,"column":55}},"5":{"start":{"line":19,"column":8},"end":{"line":24,"column":9}},"6":{"start":{"line":20,"column":25},"end":{"line":20,"column":66}},"7":{"start":{"line":21,"column":12},"end":{"line":21,"column":54}},"8":{"start":{"line":23,"column":12},"end":{"line":23,"column":24}},"9":{"start":{"line":6,"column":0},"end":{"line":6,"column":13}}},"fnMap":{"0":{"name":"(anonymous_0)","decl":{"start":{"line":9,"column":11},"end":{"line":9,"column":17}},"loc":{"start":{"line":9,"column":46},"end":{"line":15,"column":5}}},"1":{"name":"(anonymous_1)","decl":{"start":{"line":18,"column":11},"end":{"line":18,"column":17}},"loc":{"start":{"line":18,"column":43},"end":{"line":25,"column":5}}}},"branchMap":{},"s":{"0":1,"1":1,"2":2,"3":2,"4":2,"5":2,"6":2,"7":1,"8":1,"9":1},"f":{"0":2,"1":2},"b":{}}
,"C:\\Users\\aleksandr.shepilov\\Desktop\\Design-Patterns-JS\\src\\rectangle\\rectangleModel.ts": {"path":"C:\\Users\\aleksandr.shepilov\\Desktop\\Design-Patterns-JS\\src\\rectangle\\rectangleModel.ts","statementMap":{"0":{"start":{"line":1,"column":0},"end":{"line":1,"column":40}},"1":{"start":{"line":11,"column":8},"end":{"line":14,"column":11}},"2":{"start":{"line":16,"column":8},"end":{"line":18,"column":9}},"3":{"start":{"line":17,"column":12},"end":{"line":17,"column":84}},"4":{"start":{"line":20,"column":8},"end":{"line":20,"column":19}},"5":{"start":{"line":21,"column":8},"end":{"line":21,"column":19}},"6":{"start":{"line":22,"column":8},"end":{"line":22,"column":27}},"7":{"start":{"line":23,"column":8},"end":{"line":23,"column":29}},"8":{"start":{"line":28,"column":8},"end":{"line":28,"column":40}},"9":{"start":{"line":33,"column":8},"end":{"line":33,"column":46}},"10":{"start":{"line":38,"column":8},"end":{"line":38,"column":61}},"11":{"start":{"line":46,"column":21},"end":{"line":46,"column":27}},"12":{"start":{"line":47,"column":21},"end":{"line":47,"column":40}},"13":{"start":{"line":48,"column":21},"end":{"line":48,"column":27}},"14":{"start":{"line":49,"column":21},"end":{"line":49,"column":41}},"15":{"start":{"line":52,"column":25},"end":{"line":52,"column":47}},"16":{"start":{"line":54,"column":25},"end":{"line":54,"column":47}},"17":{"start":{"line":56,"column":8},"end":{"line":56,"column":36}},"18":{"start":{"line":4,"column":0},"end":{"line":4,"column":13}}},"fnMap":{"0":{"name":"(anonymous_0)","decl":{"start":{"line":10,"column":4},"end":{"line":10,"column":16}},"loc":{"start":{"line":10,"column":67},"end":{"line":24,"column":5}}},"1":{"name":"(anonymous_1)","decl":{"start":{"line":27,"column":11},"end":{"line":27,"column":15}},"loc":{"start":{"line":27,"column":15},"end":{"line":29,"column":5}}},"2":{"name":"(anonymous_2)","decl":{"start":{"line":32,"column":11},"end":{"line":32,"column":20}},"loc":{"start":{"line":32,"column":20},"end":{"line":34,"column":5}}},"3":{"name":"(anonymous_3)","decl":{"start":{"line":37,"column":11},"end":{"line":37,"column":19}},"loc":{"start":{"line":37,"column":19},"end":{"line":39,"column":5}}},"4":{"name":"(anonymous_4)","decl":{"start":{"line":45,"column":11},"end":{"line":45,"column":22}},"loc":{"start":{"line":45,"column":22},"end":{"line":57,"column":5}}}},"branchMap":{"0":{"loc":{"start":{"line":16,"column":8},"end":{"line":18,"column":9}},"type":"if","locations":[{"start":{"line":16,"column":8},"end":{"line":18,"column":9}},{"start":{},"end":{}}]},"1":{"loc":{"start":{"line":16,"column":12},"end":{"line":16,"column":37}},"type":"binary-expr","locations":[{"start":{"line":16,"column":12},"end":{"line":16,"column":22}},{"start":{"line":16,"column":26},"end":{"line":16,"column":37}}]},"2":{"loc":{"start":{"line":52,"column":25},"end":{"line":52,"column":47}},"type":"binary-expr","locations":[{"start":{"line":52,"column":25},"end":{"line":52,"column":34}},{"start":{"line":52,"column":38},"end":{"line":52,"column":47}}]},"3":{"loc":{"start":{"line":54,"column":25},"end":{"line":54,"column":47}},"type":"binary-expr","locations":[{"start":{"line":54,"column":25},"end":{"line":54,"column":34}},{"start":{"line":54,"column":38},"end":{"line":54,"column":47}}]},"4":{"loc":{"start":{"line":56,"column":15},"end":{"line":56,"column":35}},"type":"binary-expr","locations":[{"start":{"line":56,"column":15},"end":{"line":56,"column":23}},{"start":{"line":56,"column":27},"end":{"line":56,"column":35}}]}},"s":{"0":4,"1":52,"2":52,"3":10,"4":42,"5":42,"6":42,"7":42,"8":28,"9":2,"10":2,"11":8,"12":8,"13":8,"14":8,"15":8,"16":8,"17":8,"18":4},"f":{"0":52,"1":28,"2":2,"3":2,"4":8},"b":{"0":[10,42],"1":[52,44],"2":[8,4],"3":[8,4],"4":[8,4]}}
,"C:\\Users\\aleksandr.shepilov\\Desktop\\Design-Patterns-JS\\src\\services\\coneService.ts": {"path":"C:\\Users\\aleksandr.shepilov\\Desktop\\Design-Patterns-JS\\src\\services\\coneService.ts","statementMap":{"0":{"start":{"line":1,"column":0},"end":{"line":1,"column":25}},"1":{"start":{"line":4,"column":0},"end":{"line":4,"column":50}},"2":{"start":{"line":5,"column":0},"end":{"line":5,"column":60}},"3":{"start":{"line":7,"column":0},"end":{"line":7,"column":75}},"4":{"start":{"line":8,"column":0},"end":{"line":8,"column":63}},"5":{"start":{"line":9,"column":0},"end":{"line":9,"column":50}},"6":{"start":{"line":14,"column":8},"end":{"line":14,"column":29}},"7":{"start":{"line":18,"column":8},"end":{"line":18,"column":31}},"8":{"start":{"line":22,"column":8},"end":{"line":22,"column":60}},"9":{"start":{"line":22,"column":35},"end":{"line":22,"column":58}},"10":{"start":{"line":26,"column":8},"end":{"line":26,"column":66}},"11":{"start":{"line":26,"column":41},"end":{"line":26,"column":64}},"12":{"start":{"line":30,"column":8},"end":{"line":30,"column":44}},"13":{"start":{"line":30,"column":32},"end":{"line":30,"column":44}},"14":{"start":{"line":32,"column":8},"end":{"line":34,"column":10}},"15":{"start":{"line":33,"column":12},"end":{"line":33,"column":51}},"16":{"start":{"line":38,"column":8},"end":{"line":38,"column":44}},"17":{"start":{"line":38,"column":32},"end":{"line":38,"column":44}},"18":{"start":{"line":40,"column":8},"end":{"line":42,"column":10}},"19":{"start":{"line":41,"column":12},"end":{"line":41,"column":51}},"20":{"start":{"line":46,"column":8},"end":{"line":48,"column":9}},"21":{"start":{"line":47,"column":12},"end":{"line":47,"column":69}},"22":{"start":{"line":49,"column":8},"end":{"line":49,"column":61}},"23":{"start":{"line":49,"column":40},"end":{"line":49,"column":56}},"24":{"start":{"line":55,"column":8},"end":{"line":59,"column":9}},"25":{"start":{"line":56,"column":12},"end":{"line":56,"column":53}},"26":{"start":{"line":58,"column":12},"end":{"line":58,"column":65}},"27":{"start":{"line":61,"column":22},"end":{"line":64,"column":40}},"28":{"start":{"line":63,"column":24},"end":{"line":63,"column":32}},"29":{"start":{"line":64,"column":27},"end":{"line":64,"column":39}},"30":{"start":{"line":66,"column":36},"end":{"line":66,"column":38}},"31":{"start":{"line":68,"column":8},"end":{"line":78,"column":9}},"32":{"start":{"line":69,"column":12},"end":{"line":77,"column":13}},"33":{"start":{"line":70,"column":29},"end":{"line":70,"column":65}},"34":{"start":{"line":71,"column":29},"end":{"line":71,"column":58}},"35":{"start":{"line":72,"column":16},"end":{"line":72,"column":34}},"36":{"start":{"line":74,"column":16},"end":{"line":76,"column":18}},"37":{"start":{"line":80,"column":8},"end":{"line":80,"column":22}},"38":{"start":{"line":11,"column":0},"end":{"line":11,"column":13}}},"fnMap":{"0":{"name":"(anonymous_9)","decl":{"start":{"line":13,"column":11},"end":{"line":13,"column":17}},"loc":{"start":{"line":13,"column":43},"end":{"line":15,"column":5}}},"1":{"name":"(anonymous_10)","decl":{"start":{"line":17,"column":11},"end":{"line":17,"column":17}},"loc":{"start":{"line":17,"column":45},"end":{"line":19,"column":5}}},"2":{"name":"(anonymous_11)","decl":{"start":{"line":21,"column":11},"end":{"line":21,"column":17}},"loc":{"start":{"line":21,"column":73},"end":{"line":23,"column":5}}},"3":{"name":"(anonymous_12)","decl":{"start":{"line":22,"column":28},"end":{"line":22,"column":29}},"loc":{"start":{"line":22,"column":35},"end":{"line":22,"column":58}}},"4":{"name":"(anonymous_13)","decl":{"start":{"line":25,"column":11},"end":{"line":25,"column":17}},"loc":{"start":{"line":25,"column":49},"end":{"line":27,"column":5}}},"5":{"name":"(anonymous_14)","decl":{"start":{"line":26,"column":31},"end":{"line":26,"column":32}},"loc":{"start":{"line":26,"column":41},"end":{"line":26,"column":64}}},"6":{"name":"(anonymous_15)","decl":{"start":{"line":29,"column":11},"end":{"line":29,"column":17}},"loc":{"start":{"line":29,"column":46},"end":{"line":35,"column":5}}},"7":{"name":"(anonymous_16)","decl":{"start":{"line":32,"column":28},"end":{"line":32,"column":29}},"loc":{"start":{"line":33,"column":12},"end":{"line":33,"column":51}}},"8":{"name":"(anonymous_17)","decl":{"start":{"line":37,"column":11},"end":{"line":37,"column":17}},"loc":{"start":{"line":37,"column":46},"end":{"line":43,"column":5}}},"9":{"name":"(anonymous_18)","decl":{"start":{"line":40,"column":28},"end":{"line":40,"column":29}},"loc":{"start":{"line":41,"column":12},"end":{"line":41,"column":51}}},"10":{"name":"(anonymous_19)","decl":{"start":{"line":45,"column":11},"end":{"line":45,"column":17}},"loc":{"start":{"line":45,"column":48},"end":{"line":50,"column":5}}},"11":{"name":"(anonymous_20)","decl":{"start":{"line":49,"column":28},"end":{"line":49,"column":29}},"loc":{"start":{"line":49,"column":40},"end":{"line":49,"column":56}}},"12":{"name":"(anonymous_21)","decl":{"start":{"line":52,"column":11},"end":{"line":52,"column":17}},"loc":{"start":{"line":52,"column":43},"end":{"line":81,"column":5}}},"13":{"name":"(anonymous_22)","decl":{"start":{"line":63,"column":17},"end":{"line":63,"column":18}},"loc":{"start":{"line":63,"column":24},"end":{"line":63,"column":32}}},"14":{"name":"(anonymous_23)","decl":{"start":{"line":64,"column":20},"end":{"line":64,"column":21}},"loc":{"start":{"line":64,"column":27},"end":{"line":64,"column":39}}}},"branchMap":{"0":{"loc":{"start":{"line":30,"column":8},"end":{"line":30,"column":44}},"type":"if","locations":[{"start":{"line":30,"column":8},"end":{"line":30,"column":44}},{"start":{},"end":{}}]},"1":{"loc":{"start":{"line":33,"column":12},"end":{"line":33,"column":51}},"type":"cond-expr","locations":[{"start":{"line":33,"column":42},"end":{"line":33,"column":45}},{"start":{"line":33,"column":48},"end":{"line":33,"column":51}}]},"2":{"loc":{"start":{"line":38,"column":8},"end":{"line":38,"column":44}},"type":"if","locations":[{"start":{"line":38,"column":8},"end":{"line":38,"column":44}},{"start":{},"end":{}}]},"3":{"loc":{"start":{"line":41,"column":12},"end":{"line":41,"column":51}},"type":"cond-expr","locations":[{"start":{"line":41,"column":42},"end":{"line":41,"column":45}},{"start":{"line":41,"column":48},"end":{"line":41,"column":51}}]},"4":{"loc":{"start":{"line":46,"column":8},"end":{"line":48,"column":9}},"type":"if","locations":[{"start":{"line":46,"column":8},"end":{"line":48,"column":9}},{"start":{},"end":{}}]}},"s":{"0":2,"1":2,"2":2,"3":2,"4":2,"5":2,"6":1,"7":1,"8":1,"9":3,"10":1,"11":4,"12":3,"13":1,"14":2,"15":3,"16":3,"17":1,"18":2,"19":3,"20":3,"21":1,"22":2,"23":4,"24":8,"25":8,"26":1,"27":7,"28":39,"29":39,"30":7,"31":7,"32":30,"33":30,"34":14,"35":14,"36":16,"37":7,"38":2},"f":{"0":1,"1":1,"2":1,"3":3,"4":1,"5":4,"6":3,"7":3,"8":3,"9":3,"10":3,"11":4,"12":8,"13":39,"14":39},"b":{"0":[1,2],"1":[1,2],"2":[1,2],"3":[2,1],"4":[1,2]}}
,"C:\\Users\\aleksandr.shepilov\\Desktop\\Design-Patterns-JS\\src\\services\\rectangleService.ts": {"path":"C:\\Users\\aleksandr.shepilov\\Desktop\\Design-Patterns-JS\\src\\services\\rectangleService.ts","statementMap":{"0":{"start":{"line":1,"column":0},"end":{"line":1,"column":25}},"1":{"start":{"line":3,"column":0},"end":{"line":3,"column":65}},"2":{"start":{"line":4,"column":0},"end":{"line":4,"column":70}},"3":{"start":{"line":5,"column":0},"end":{"line":5,"column":63}},"4":{"start":{"line":6,"column":0},"end":{"line":6,"column":75}},"5":{"start":{"line":7,"column":0},"end":{"line":7,"column":50}},"6":{"start":{"line":13,"column":8},"end":{"line":17,"column":9}},"7":{"start":{"line":14,"column":12},"end":{"line":14,"column":53}},"8":{"start":{"line":16,"column":12},"end":{"line":16,"column":65}},"9":{"start":{"line":19,"column":22},"end":{"line":22,"column":40}},"10":{"start":{"line":21,"column":24},"end":{"line":21,"column":32}},"11":{"start":{"line":22,"column":27},"end":{"line":22,"column":39}},"12":{"start":{"line":24,"column":41},"end":{"line":24,"column":43}},"13":{"start":{"line":26,"column":8},"end":{"line":36,"column":9}},"14":{"start":{"line":27,"column":12},"end":{"line":35,"column":13}},"15":{"start":{"line":28,"column":29},"end":{"line":28,"column":70}},"16":{"start":{"line":29,"column":29},"end":{"line":29,"column":63}},"17":{"start":{"line":30,"column":16},"end":{"line":30,"column":34}},"18":{"start":{"line":32,"column":16},"end":{"line":34,"column":18}},"19":{"start":{"line":38,"column":8},"end":{"line":38,"column":22}},"20":{"start":{"line":42,"column":8},"end":{"line":44,"column":9}},"21":{"start":{"line":43,"column":12},"end":{"line":43,"column":74}},"22":{"start":{"line":45,"column":8},"end":{"line":45,"column":59}},"23":{"start":{"line":45,"column":40},"end":{"line":45,"column":54}},"24":{"start":{"line":49,"column":8},"end":{"line":49,"column":52}},"25":{"start":{"line":49,"column":35},"end":{"line":49,"column":50}},"26":{"start":{"line":53,"column":8},"end":{"line":55,"column":9}},"27":{"start":{"line":54,"column":12},"end":{"line":54,"column":74}},"28":{"start":{"line":56,"column":8},"end":{"line":56,"column":44}},"29":{"start":{"line":56,"column":32},"end":{"line":56,"column":44}},"30":{"start":{"line":57,"column":8},"end":{"line":57,"column":75}},"31":{"start":{"line":57,"column":41},"end":{"line":57,"column":72}},"32":{"start":{"line":61,"column":8},"end":{"line":61,"column":62}},"33":{"start":{"line":61,"column":41},"end":{"line":61,"column":60}},"34":{"start":{"line":65,"column":8},"end":{"line":67,"column":9}},"35":{"start":{"line":66,"column":12},"end":{"line":66,"column":74}},"36":{"start":{"line":68,"column":8},"end":{"line":68,"column":39}},"37":{"start":{"line":72,"column":8},"end":{"line":74,"column":9}},"38":{"start":{"line":73,"column":12},"end":{"line":73,"column":74}},"39":{"start":{"line":75,"column":8},"end":{"line":75,"column":44}},"40":{"start":{"line":75,"column":32},"end":{"line":75,"column":44}},"41":{"start":{"line":76,"column":8},"end":{"line":76,"column":75}},"42":{"start":{"line":76,"column":41},"end":{"line":76,"column":72}},"43":{"start":{"line":9,"column":0},"end":{"line":9,"column":13}}},"fnMap":{"0":{"name":"(anonymous_9)","decl":{"start":{"line":10,"column":11},"end":{"line":10,"column":17}},"loc":{"start":{"line":10,"column":43},"end":{"line":39,"column":5}}},"1":{"name":"(anonymous_10)","decl":{"start":{"line":21,"column":17},"end":{"line":21,"column":18}},"loc":{"start":{"line":21,"column":24},"end":{"line":21,"column":32}}},"2":{"name":"(anonymous_11)","decl":{"start":{"line":22,"column":20},"end":{"line":22,"column":21}},"loc":{"start":{"line":22,"column":27},"end":{"line":22,"column":39}}},"3":{"name":"(anonymous_12)","decl":{"start":{"line":41,"column":11},"end":{"line":41,"column":17}},"loc":{"start":{"line":41,"column":51},"end":{"line":46,"column":5}}},"4":{"name":"(anonymous_13)","decl":{"start":{"line":45,"column":28},"end":{"line":45,"column":29}},"loc":{"start":{"line":45,"column":40},"end":{"line":45,"column":54}}},"5":{"name":"(anonymous_14)","decl":{"start":{"line":48,"column":11},"end":{"line":48,"column":17}},"loc":{"start":{"line":48,"column":58},"end":{"line":50,"column":5}}},"6":{"name":"(anonymous_15)","decl":{"start":{"line":49,"column":28},"end":{"line":49,"column":29}},"loc":{"start":{"line":49,"column":35},"end":{"line":49,"column":50}}},"7":{"name":"(anonymous_16)","decl":{"start":{"line":52,"column":11},"end":{"line":52,"column":17}},"loc":{"start":{"line":52,"column":53},"end":{"line":58,"column":5}}},"8":{"name":"(anonymous_17)","decl":{"start":{"line":57,"column":28},"end":{"line":57,"column":29}},"loc":{"start":{"line":57,"column":41},"end":{"line":57,"column":72}}},"9":{"name":"(anonymous_18)","decl":{"start":{"line":60,"column":11},"end":{"line":60,"column":17}},"loc":{"start":{"line":60,"column":52},"end":{"line":62,"column":5}}},"10":{"name":"(anonymous_19)","decl":{"start":{"line":61,"column":31},"end":{"line":61,"column":32}},"loc":{"start":{"line":61,"column":41},"end":{"line":61,"column":60}}},"11":{"name":"(anonymous_20)","decl":{"start":{"line":64,"column":11},"end":{"line":64,"column":17}},"loc":{"start":{"line":64,"column":49},"end":{"line":69,"column":5}}},"12":{"name":"(anonymous_21)","decl":{"start":{"line":71,"column":11},"end":{"line":71,"column":17}},"loc":{"start":{"line":71,"column":49},"end":{"line":77,"column":5}}},"13":{"name":"(anonymous_22)","decl":{"start":{"line":76,"column":28},"end":{"line":76,"column":29}},"loc":{"start":{"line":76,"column":41},"end":{"line":76,"column":72}}}},"branchMap":{"0":{"loc":{"start":{"line":42,"column":8},"end":{"line":44,"column":9}},"type":"if","locations":[{"start":{"line":42,"column":8},"end":{"line":44,"column":9}},{"start":{},"end":{}}]},"1":{"loc":{"start":{"line":53,"column":8},"end":{"line":55,"column":9}},"type":"if","locations":[{"start":{"line":53,"column":8},"end":{"line":55,"column":9}},{"start":{},"end":{}}]},"2":{"loc":{"start":{"line":56,"column":8},"end":{"line":56,"column":44}},"type":"if","locations":[{"start":{"line":56,"column":8},"end":{"line":56,"column":44}},{"start":{},"end":{}}]},"3":{"loc":{"start":{"line":57,"column":41},"end":{"line":57,"column":72}},"type":"cond-expr","locations":[{"start":{"line":57,"column":65},"end":{"line":57,"column":66}},{"start":{"line":57,"column":69},"end":{"line":57,"column":72}}]},"4":{"loc":{"start":{"line":65,"column":8},"end":{"line":67,"column":9}},"type":"if","locations":[{"start":{"line":65,"column":8},"end":{"line":67,"column":9}},{"start":{},"end":{}}]},"5":{"loc":{"start":{"line":72,"column":8},"end":{"line":74,"column":9}},"type":"if","locations":[{"start":{"line":72,"column":8},"end":{"line":74,"column":9}},{"start":{},"end":{}}]},"6":{"loc":{"start":{"line":75,"column":8},"end":{"line":75,"column":44}},"type":"if","locations":[{"start":{"line":75,"column":8},"end":{"line":75,"column":44}},{"start":{},"end":{}}]},"7":{"loc":{"start":{"line":76,"column":41},"end":{"line":76,"column":72}},"type":"cond-expr","locations":[{"start":{"line":76,"column":65},"end":{"line":76,"column":66}},{"start":{"line":76,"column":69},"end":{"line":76,"column":72}}]}},"s":{"0":2,"1":2,"2":2,"3":2,"4":2,"5":2,"6":9,"7":9,"8":2,"9":7,"10":34,"11":34,"12":7,"13":7,"14":30,"15":30,"16":24,"17":19,"18":11,"19":7,"20":3,"21":1,"22":2,"23":5,"24":2,"25":3,"26":7,"27":1,"28":6,"29":2,"30":4,"31":7,"32":2,"33":6,"34":5,"35":1,"36":4,"37":5,"38":1,"39":4,"40":1,"41":3,"42":4,"43":2},"f":{"0":9,"1":34,"2":34,"3":3,"4":5,"5":2,"6":3,"7":7,"8":7,"9":2,"10":6,"11":5,"12":5,"13":4},"b":{"0":[1,2],"1":[1,6],"2":[2,4],"3":[4,3],"4":[1,4],"5":[1,4],"6":[1,3],"7":[2,2]}}
,"C:\\Users\\aleksandr.shepilov\\Desktop\\Design-Patterns-JS\\src\\shapes\\rectangle.ts": {"path":"C:\\Users\\aleksandr.shepilov\\Desktop\\Design-Patterns-JS\\src\\shapes\\rectangle.ts","statementMap":{"0":{"start":{"line":10,"column":8},"end":{"line":10,"column":19}},"1":{"start":{"line":11,"column":8},"end":{"line":11,"column":19}},"2":{"start":{"line":12,"column":8},"end":{"line":12,"column":19}},"3":{"start":{"line":13,"column":8},"end":{"line":13,"column":19}},"4":{"start":{"line":15,"column":8},"end":{"line":17,"column":9}},"5":{"start":{"line":16,"column":12},"end":{"line":16,"column":77}},"6":{"start":{"line":22,"column":8},"end":{"line":22,"column":50}},"7":{"start":{"line":27,"column":8},"end":{"line":27,"column":41}},"8":{"start":{"line":32,"column":8},"end":{"line":32,"column":48}},"9":{"start":{"line":37,"column":19},"end":{"line":37,"column":43}},"10":{"start":{"line":38,"column":19},"end":{"line":38,"column":43}},"11":{"start":{"line":39,"column":19},"end":{"line":39,"column":43}},"12":{"start":{"line":40,"column":19},"end":{"line":40,"column":43}},"13":{"start":{"line":43,"column":12},"end":{"line":46,"column":45}},"14":{"start":{"line":48,"column":24},"end":{"line":53,"column":10}},"15":{"start":{"line":57,"column":12},"end":{"line":58,"column":52}},"16":{"start":{"line":60,"column":8},"end":{"line":60,"column":37}},"17":{"start":{"line":65,"column":8},"end":{"line":65,"column":41}},"18":{"start":{"line":69,"column":8},"end":{"line":69,"column":41}},"19":{"start":{"line":74,"column":8},"end":{"line":74,"column":44}},"20":{"start":{"line":79,"column":8},"end":{"line":79,"column":50}},"21":{"start":{"line":84,"column":23},"end":{"line":84,"column":55}},"22":{"start":{"line":85,"column":8},"end":{"line":85,"column":56}},"23":{"start":{"line":85,"column":32},"end":{"line":85,"column":54}},"24":{"start":{"line":94,"column":8},"end":{"line":94,"column":20}},"25":{"start":{"line":99,"column":18},"end":{"line":99,"column":30}},"26":{"start":{"line":100,"column":18},"end":{"line":100,"column":31}},"27":{"start":{"line":101,"column":8},"end":{"line":101,"column":38}},"28":{"start":{"line":107,"column":19},"end":{"line":107,"column":44}},"29":{"start":{"line":108,"column":19},"end":{"line":108,"column":44}},"30":{"start":{"line":109,"column":19},"end":{"line":109,"column":44}},"31":{"start":{"line":110,"column":19},"end":{"line":110,"column":44}},"32":{"start":{"line":112,"column":8},"end":{"line":116,"column":10}},"33":{"start":{"line":125,"column":8},"end":{"line":125,"column":20}},"34":{"start":{"line":3,"column":0},"end":{"line":3,"column":13}}},"fnMap":{"0":{"name":"(anonymous_0)","decl":{"start":{"line":9,"column":4},"end":{"line":9,"column":16}},"loc":{"start":{"line":9,"column":62},"end":{"line":18,"column":5}}},"1":{"name":"(anonymous_1)","decl":{"start":{"line":21,"column":12},"end":{"line":21,"column":15}},"loc":{"start":{"line":21,"column":40},"end":{"line":23,"column":5}}},"2":{"name":"(anonymous_2)","decl":{"start":{"line":26,"column":12},"end":{"line":26,"column":15}},"loc":{"start":{"line":26,"column":74},"end":{"line":28,"column":5}}},"3":{"name":"(anonymous_3)","decl":{"start":{"line":31,"column":12},"end":{"line":31,"column":15}},"loc":{"start":{"line":31,"column":43},"end":{"line":33,"column":5}}},"4":{"name":"(anonymous_4)","decl":{"start":{"line":36,"column":12},"end":{"line":36,"column":23}},"loc":{"start":{"line":36,"column":23},"end":{"line":61,"column":5}}},"5":{"name":"(anonymous_5)","decl":{"start":{"line":64,"column":11},"end":{"line":64,"column":16}},"loc":{"start":{"line":64,"column":16},"end":{"line":66,"column":5}}},"6":{"name":"(anonymous_6)","decl":{"start":{"line":68,"column":11},"end":{"line":68,"column":17}},"loc":{"start":{"line":68,"column":17},"end":{"line":70,"column":5}}},"7":{"name":"(anonymous_7)","decl":{"start":{"line":73,"column":11},"end":{"line":73,"column":15}},"loc":{"start":{"line":73,"column":15},"end":{"line":75,"column":5}}},"8":{"name":"(anonymous_8)","decl":{"start":{"line":78,"column":11},"end":{"line":78,"column":20}},"loc":{"start":{"line":78,"column":20},"end":{"line":80,"column":5}}},"9":{"name":"(anonymous_9)","decl":{"start":{"line":83,"column":11},"end":{"line":83,"column":22}},"loc":{"start":{"line":83,"column":22},"end":{"line":86,"column":5}}},"10":{"name":"(anonymous_10)","decl":{"start":{"line":85,"column":27},"end":{"line":85,"column":28}},"loc":{"start":{"line":85,"column":32},"end":{"line":85,"column":54}}},"11":{"name":"(anonymous_11)","decl":{"start":{"line":93,"column":11},"end":{"line":93,"column":19}},"loc":{"start":{"line":93,"column":19},"end":{"line":95,"column":5}}},"12":{"name":"(anonymous_12)","decl":{"start":{"line":98,"column":11},"end":{"line":98,"column":19}},"loc":{"start":{"line":98,"column":19},"end":{"line":102,"column":5}}},"13":{"name":"(anonymous_13)","decl":{"start":{"line":105,"column":11},"end":{"line":105,"column":20}},"loc":{"start":{"line":105,"column":20},"end":{"line":117,"column":5}}},"14":{"name":"(anonymous_14)","decl":{"start":{"line":124,"column":11},"end":{"line":124,"column":22}},"loc":{"start":{"line":124,"column":22},"end":{"line":126,"column":5}}}},"branchMap":{"0":{"loc":{"start":{"line":15,"column":8},"end":{"line":17,"column":9}},"type":"if","locations":[{"start":{"line":15,"column":8},"end":{"line":17,"column":9}},{"start":{},"end":{}}]},"1":{"loc":{"start":{"line":43,"column":12},"end":{"line":46,"column":45}},"type":"binary-expr","locations":[{"start":{"line":43,"column":12},"end":{"line":43,"column":45}},{"start":{"line":44,"column":12},"end":{"line":44,"column":45}},{"start":{"line":45,"column":12},"end":{"line":45,"column":45}},{"start":{"line":46,"column":12},"end":{"line":46,"column":45}}]},"2":{"loc":{"start":{"line":57,"column":12},"end":{"line":58,"column":52}},"type":"binary-expr","locations":[{"start":{"line":57,"column":12},"end":{"line":57,"column":52}},{"start":{"line":58,"column":12},"end":{"line":58,"column":52}}]},"3":{"loc":{"start":{"line":60,"column":15},"end":{"line":60,"column":36}},"type":"binary-expr","locations":[{"start":{"line":60,"column":15},"end":{"line":60,"column":22}},{"start":{"line":60,"column":26},"end":{"line":60,"column":36}}]},"4":{"loc":{"start":{"line":85,"column":32},"end":{"line":85,"column":54}},"type":"binary-expr","locations":[{"start":{"line":85,"column":32},"end":{"line":85,"column":41}},{"start":{"line":85,"column":45},"end":{"line":85,"column":54}}]},"5":{"loc":{"start":{"line":113,"column":12},"end":{"line":115,"column":36}},"type":"binary-expr","locations":[{"start":{"line":113,"column":12},"end":{"line":113,"column":36}},{"start":{"line":114,"column":12},"end":{"line":114,"column":36}},{"start":{"line":115,"column":12},"end":{"line":115,"column":36}}]}},"s":{"0":15,"1":15,"2":15,"3":15,"4":15,"5":2,"6":60,"7":54,"8":60,"9":15,"10":15,"11":15,"12":15,"13":15,"14":15,"15":15,"16":15,"17":5,"18":5,"19":1,"20":1,"21":2,"22":2,"23":5,"24":1,"25":2,"26":2,"27":2,"28":2,"29":2,"30":2,"31":2,"32":2,"33":1,"34":2},"f":{"0":15,"1":60,"2":54,"3":60,"4":15,"5":5,"6":5,"7":1,"8":1,"9":2,"10":5,"11":1,"12":2,"13":2,"14":1},"b":{"0":[2,13],"1":[15,13,13,13],"2":[15,13],"3":[15,13],"4":[5,4],"5":[2,1,1]}}
,"C:\\Users\\aleksandr.shepilov\\Desktop\\Design-Patterns-JS\\src\\shapes\\shape.ts": {"path":"C:\\Users\\aleksandr.shepilov\\Desktop\\Design-Patterns-JS\\src\\shapes\\shape.ts","statementMap":{"0":{"start":{"line":20,"column":8},"end":{"line":20,"column":33}},"1":{"start":{"line":21,"column":8},"end":{"line":21,"column":43}},"2":{"start":{"line":22,"column":8},"end":{"line":22,"column":49}},"3":{"start":{"line":23,"column":8},"end":{"line":23,"column":63}},"4":{"start":{"line":28,"column":21},"end":{"line":28,"column":59}},"5":{"start":{"line":29,"column":22},"end":{"line":29,"column":45}},"6":{"start":{"line":30,"column":8},"end":{"line":30,"column":42}},"7":{"start":{"line":8,"column":0},"end":{"line":8,"column":22}}},"fnMap":{"0":{"name":"(anonymous_0)","decl":{"start":{"line":14,"column":4},"end":{"line":14,"column":26}},"loc":{"start":{"line":19,"column":5},"end":{"line":24,"column":5}}},"1":{"name":"(anonymous_1)","decl":{"start":{"line":27,"column":12},"end":{"line":27,"column":18}},"loc":{"start":{"line":27,"column":45},"end":{"line":31,"column":5}}}},"branchMap":{"0":{"loc":{"start":{"line":22,"column":20},"end":{"line":22,"column":48}},"type":"binary-expr","locations":[{"start":{"line":22,"column":20},"end":{"line":22,"column":32}},{"start":{"line":22,"column":36},"end":{"line":22,"column":48}}]},"1":{"loc":{"start":{"line":23,"column":18},"end":{"line":23,"column":62}},"type":"binary-expr","locations":[{"start":{"line":23,"column":18},"end":{"line":23,"column":28}},{"start":{"line":23,"column":32},"end":{"line":23,"column":62}}]}},"s":{"0":80,"1":80,"2":80,"3":80,"4":80,"5":80,"6":80,"7":9},"f":{"0":80,"1":80},"b":{"0":[80,80],"1":[80,80]}}
,"C:\\Users\\aleksandr.shepilov\\Desktop\\Design-Patterns-JS\\src\\validators\\coneValidator.ts": {"path":"C:\\Users\\aleksandr.shepilov\\Desktop\\Design-Patterns-JS\\src\\validators\\coneValidator.ts","statementMap":{"0":{"start":{"line":1,"column":0},"end":{"line":1,"column":75}},"1":{"start":{"line":12,"column":8},"end":{"line":14,"column":9}},"2":{"start":{"line":13,"column":12},"end":{"line":13,"column":64}},"3":{"start":{"line":16,"column":22},"end":{"line":16,"column":46}},"4":{"start":{"line":18,"column":8},"end":{"line":22,"column":9}},"5":{"start":{"line":19,"column":12},"end":{"line":21,"column":14}},"6":{"start":{"line":24,"column":21},"end":{"line":24,"column":38}},"7":{"start":{"line":26,"column":8},"end":{"line":28,"column":9}},"8":{"start":{"line":26,"column":27},"end":{"line":26,"column":65}},"9":{"start":{"line":27,"column":12},"end":{"line":27,"column":82}},"10":{"start":{"line":30,"column":45},"end":{"line":30,"column":49}},"11":{"start":{"line":32,"column":8},"end":{"line":34,"column":9}},"12":{"start":{"line":33,"column":12},"end":{"line":33,"column":85}},"13":{"start":{"line":36,"column":8},"end":{"line":36,"column":20}},"14":{"start":{"line":43,"column":8},"end":{"line":47,"column":9}},"15":{"start":{"line":44,"column":12},"end":{"line":46,"column":14}},"16":{"start":{"line":49,"column":45},"end":{"line":49,"column":51}},"17":{"start":{"line":51,"column":8},"end":{"line":57,"column":9}},"18":{"start":{"line":53,"column":21},"end":{"line":53,"column":59}},"19":{"start":{"line":56,"column":12},"end":{"line":56,"column":82}},"20":{"start":{"line":59,"column":8},"end":{"line":61,"column":9}},"21":{"start":{"line":60,"column":12},"end":{"line":60,"column":85}},"22":{"start":{"line":7,"column":0},"end":{"line":7,"column":13}}},"fnMap":{"0":{"name":"(anonymous_0)","decl":{"start":{"line":11,"column":11},"end":{"line":11,"column":17}},"loc":{"start":{"line":11,"column":47},"end":{"line":37,"column":5}}},"1":{"name":"(anonymous_1)","decl":{"start":{"line":26,"column":22},"end":{"line":26,"column":23}},"loc":{"start":{"line":26,"column":27},"end":{"line":26,"column":65}}},"2":{"name":"(anonymous_2)","decl":{"start":{"line":42,"column":11},"end":{"line":42,"column":17}},"loc":{"start":{"line":42,"column":50},"end":{"line":62,"column":5}}},"3":{"name":"(anonymous_3)","decl":{"start":{"line":53,"column":16},"end":{"line":53,"column":17}},"loc":{"start":{"line":53,"column":21},"end":{"line":53,"column":59}}}},"branchMap":{"0":{"loc":{"start":{"line":12,"column":8},"end":{"line":14,"column":9}},"type":"if","locations":[{"start":{"line":12,"column":8},"end":{"line":14,"column":9}},{"start":{},"end":{}}]},"1":{"loc":{"start":{"line":18,"column":8},"end":{"line":22,"column":9}},"type":"if","locations":[{"start":{"line":18,"column":8},"end":{"line":22,"column":9}},{"start":{},"end":{}}]},"2":{"loc":{"start":{"line":26,"column":8},"end":{"line":28,"column":9}},"type":"if","locations":[{"start":{"line":26,"column":8},"end":{"line":28,"column":9}},{"start":{},"end":{}}]},"3":{"loc":{"start":{"line":26,"column":27},"end":{"line":26,"column":65}},"type":"binary-expr","locations":[{"start":{"line":26,"column":27},"end":{"line":26,"column":42}},{"start":{"line":26,"column":46},"end":{"line":26,"column":65}}]},"4":{"loc":{"start":{"line":32,"column":8},"end":{"line":34,"column":9}},"type":"if","locations":[{"start":{"line":32,"column":8},"end":{"line":34,"column":9}},{"start":{},"end":{}}]},"5":{"loc":{"start":{"line":32,"column":12},"end":{"line":32,"column":38}},"type":"binary-expr","locations":[{"start":{"line":32,"column":12},"end":{"line":32,"column":23}},{"start":{"line":32,"column":27},"end":{"line":32,"column":38}}]},"6":{"loc":{"start":{"line":43,"column":8},"end":{"line":47,"column":9}},"type":"if","locations":[{"start":{"line":43,"column":8},"end":{"line":47,"column":9}},{"start":{},"end":{}}]},"7":{"loc":{"start":{"line":51,"column":8},"end":{"line":57,"column":9}},"type":"if","locations":[{"start":{"line":51,"column":8},"end":{"line":57,"column":9}},{"start":{},"end":{}}]},"8":{"loc":{"start":{"line":53,"column":21},"end":{"line":53,"column":59}},"type":"binary-expr","locations":[{"start":{"line":53,"column":21},"end":{"line":53,"column":36}},{"start":{"line":53,"column":40},"end":{"line":53,"column":59}}]},"9":{"loc":{"start":{"line":59,"column":8},"end":{"line":61,"column":9}},"type":"if","locations":[{"start":{"line":59,"column":8},"end":{"line":61,"column":9}},{"start":{},"end":{}}]},"10":{"loc":{"start":{"line":59,"column":12},"end":{"line":59,"column":38}},"type":"binary-expr","locations":[{"start":{"line":59,"column":12},"end":{"line":59,"column":23}},{"start":{"line":59,"column":27},"end":{"line":59,"column":38}}]}},"s":{"0":6,"1":50,"2":2,"3":48,"4":48,"5":12,"6":36,"7":36,"8":152,"9":10,"10":26,"11":26,"12":12,"13":14,"14":33,"15":6,"16":27,"17":27,"18":130,"19":3,"20":24,"21":7,"22":6},"f":{"0":50,"1":152,"2":33,"3":130},"b":{"0":[2,48],"1":[12,36],"2":[10,26],"3":[152,143],"4":[12,14],"5":[26,17],"6":[6,27],"7":[3,24],"8":[130,128],"9":[7,17],"10":[24,20]}}
,"C:\\Users\\aleksandr.shepilov\\Desktop\\Design-Patterns-JS\\src\\validators\\rectangleValidator.ts": {"path":"C:\\Users\\aleksandr.shepilov\\Desktop\\Design-Patterns-JS\\src\\validators\\rectangleValidator.ts","statementMap":{"0":{"start":{"line":1,"column":0},"end":{"line":1,"column":85}},"1":{"start":{"line":7,"column":8},"end":{"line":11,"column":9}},"2":{"start":{"line":8,"column":12},"end":{"line":10,"column":14}},"3":{"start":{"line":13,"column":8},"end":{"line":15,"column":9}},"4":{"start":{"line":14,"column":12},"end":{"line":14,"column":77}},"5":{"start":{"line":20,"column":22},"end":{"line":20,"column":46}},"6":{"start":{"line":22,"column":8},"end":{"line":26,"column":9}},"7":{"start":{"line":23,"column":12},"end":{"line":25,"column":14}},"8":{"start":{"line":28,"column":21},"end":{"line":28,"column":38}},"9":{"start":{"line":30,"column":8},"end":{"line":32,"column":9}},"10":{"start":{"line":31,"column":12},"end":{"line":31,"column":93}},"11":{"start":{"line":34,"column":8},"end":{"line":34,"column":20}},"12":{"start":{"line":3,"column":0},"end":{"line":3,"column":13}}},"fnMap":{"0":{"name":"(anonymous_0)","decl":{"start":{"line":6,"column":11},"end":{"line":6,"column":17}},"loc":{"start":{"line":6,"column":50},"end":{"line":16,"column":5}}},"1":{"name":"(anonymous_1)","decl":{"start":{"line":19,"column":11},"end":{"line":19,"column":17}},"loc":{"start":{"line":19,"column":47},"end":{"line":35,"column":5}}}},"branchMap":{"0":{"loc":{"start":{"line":7,"column":8},"end":{"line":11,"column":9}},"type":"if","locations":[{"start":{"line":7,"column":8},"end":{"line":11,"column":9}},{"start":{},"end":{}}]},"1":{"loc":{"start":{"line":13,"column":8},"end":{"line":15,"column":9}},"type":"if","locations":[{"start":{"line":13,"column":8},"end":{"line":15,"column":9}},{"start":{},"end":{}}]},"2":{"loc":{"start":{"line":22,"column":8},"end":{"line":26,"column":9}},"type":"if","locations":[{"start":{"line":22,"column":8},"end":{"line":26,"column":9}},{"start":{},"end":{}}]},"3":{"loc":{"start":{"line":30,"column":8},"end":{"line":32,"column":9}},"type":"if","locations":[{"start":{"line":30,"column":8},"end":{"line":32,"column":9}},{"start":{},"end":{}}]}},"s":{"0":4,"1":29,"2":3,"3":26,"4":1,"5":39,"6":39,"7":6,"8":33,"9":33,"10":8,"11":25,"12":4},"f":{"0":29,"1":39},"b":{"0":[3,26],"1":[1,25],"2":[6,33],"3":[8,25]}}
}
