TN:
SF:src\app\main.ts
FN:5,runExample
FNF:1
FNH:1
FNDA:2,runExample
DA:1,1
DA:2,1
DA:3,1
DA:5,1
DA:6,2
DA:8,2
DA:9,2
DA:10,1
DA:12,1
DA:14,1
LF:10
LH:10
BRF:0
BRH:0
end_of_record
TN:
SF:src\common\errors\ConeValidationError.ts
FN:2,(anonymous_0)
FNF:1
FNH:1
FNDA:52,(anonymous_0)
DA:1,6
DA:3,52
DA:4,52
LF:3
LH:3
BRF:0
BRH:0
end_of_record
TN:
SF:src\common\errors\FileReadError.ts
FN:2,(anonymous_0)
FNF:1
FNH:1
FNDA:7,(anonymous_0)
DA:1,5
DA:3,7
DA:4,7
LF:3
LH:3
BRF:0
BRH:0
end_of_record
TN:
SF:src\common\errors\ReadParametersError.ts
FN:2,(anonymous_0)
FNF:1
FNH:1
FNDA:8,(anonymous_0)
DA:1,5
DA:3,8
DA:4,8
DA:6,8
DA:7,7
LF:5
LH:5
BRDA:6,0,0,7
BRDA:6,0,1,1
BRF:2
BRH:2
end_of_record
TN:
SF:src\common\errors\RectangleValidationError.ts
FN:2,(anonymous_0)
FNF:1
FNH:1
FNDA:18,(anonymous_0)
DA:1,4
DA:3,18
DA:4,18
LF:3
LH:3
BRF:0
BRH:0
end_of_record
TN:
SF:src\common\errors\ShapeValidationError.ts
FN:2,(anonymous_0)
FNF:1
FNH:1
FNDA:2,(anonymous_0)
DA:1,1
DA:3,2
DA:4,2
LF:3
LH:3
BRF:0
BRH:0
end_of_record
TN:
SF:src\common\logging\logger.ts
FN:34,(anonymous_1)
FN:38,(anonymous_2)
FN:42,(anonymous_3)
FN:46,(anonymous_4)
FNF:4
FNH:4
FNDA:1,(anonymous_1)
FNDA:1,(anonymous_2)
FNDA:1,(anonymous_3)
FNDA:26,(anonymous_4)
DA:1,6
DA:6,6
DA:33,6
DA:35,1
DA:39,1
DA:43,1
DA:47,26
LF:7
LH:7
BRF:0
BRH:0
end_of_record
TN:
SF:src\cone\coneFactory.ts
FN:8,(anonymous_0)
FN:18,(anonymous_1)
FNF:2
FNH:2
FNDA:16,(anonymous_0)
FNDA:2,(anonymous_1)
DA:1,4
DA:2,4
DA:3,4
DA:5,4
DA:9,16
DA:11,14
DA:12,14
DA:14,14
DA:19,2
DA:20,2
DA:21,1
DA:23,1
LF:12
LH:12
BRF:0
BRH:0
end_of_record
TN:
SF:src\cone\coneModel.ts
FN:18,(anonymous_0)
FN:34,(anonymous_1)
FN:39,(anonymous_2)
FN:44,(anonymous_3)
FN:58,(anonymous_4)
FN:85,(anonymous_5)
FN:94,(anonymous_6)
FNF:7
FNH:7
FNDA:38,(anonymous_0)
FNDA:16,(anonymous_1)
FNDA:3,(anonymous_2)
FNDA:1,(anonymous_3)
FNDA:4,(anonymous_4)
FNDA:4,(anonymous_5)
FNDA:2,(anonymous_6)
DA:1,6
DA:2,6
DA:13,6
DA:19,38
DA:24,38
DA:25,8
DA:28,30
DA:29,30
DA:30,30
DA:35,16
DA:40,3
DA:45,1
DA:46,1
DA:47,1
DA:48,1
DA:59,4
DA:60,4
DA:62,4
DA:63,3
DA:67,1
DA:68,1
DA:71,1
DA:74,1
DA:76,1
DA:86,4
DA:95,2
DA:96,2
DA:97,2
DA:99,2
DA:100,2
DA:101,2
DA:103,2
LF:32
LH:32
BRDA:24,0,0,8
BRDA:24,0,1,30
BRDA:24,1,0,38
BRDA:24,1,1,34
BRDA:62,2,0,3
BRDA:62,2,1,1
BRDA:62,3,0,4
BRDA:62,3,1,2
BRDA:87,4,0,4
BRDA:87,4,1,3
BRDA:87,4,2,2
BRF:11
BRH:11
end_of_record
TN:
SF:src\factories\coneFactory.ts
FN:8,(anonymous_0)
FN:18,(anonymous_1)
FNF:2
FNH:2
FNDA:3,(anonymous_0)
FNDA:2,(anonymous_1)
DA:1,1
DA:2,1
DA:3,1
DA:5,1
DA:9,3
DA:11,2
DA:12,2
DA:14,2
DA:19,2
DA:20,2
DA:21,1
DA:23,1
LF:12
LH:12
BRF:0
BRH:0
end_of_record
TN:
SF:src\factories\rectangleFactory.ts
FN:6,(anonymous_0)
FN:15,(anonymous_1)
FNF:2
FNH:2
FNDA:23,(anonymous_0)
FNDA:2,(anonymous_1)
DA:1,3
DA:2,3
DA:4,3
DA:7,23
DA:9,22
DA:11,22
DA:16,2
DA:17,2
DA:18,1
DA:21,1
LF:10
LH:10
BRF:0
BRH:0
end_of_record
TN:
SF:src\geometry\point2D.ts
FN:6,(anonymous_0)
FN:16,(anonymous_1)
FN:23,(anonymous_2)
FNF:3
FNH:3
FNDA:53,(anonymous_0)
FNDA:20,(anonymous_1)
FNDA:2,(anonymous_2)
DA:2,3
DA:7,53
DA:8,6
DA:11,47
DA:12,47
DA:17,20
DA:18,20
DA:19,20
DA:24,2
LF:9
LH:9
BRDA:7,0,0,6
BRDA:7,0,1,47
BRDA:7,1,0,53
BRDA:7,1,1,50
BRF:4
BRH:4
end_of_record
TN:
SF:src\geometry\point3D.ts
FN:7,(anonymous_0)
FN:18,(anonymous_1)
FN:26,(anonymous_2)
FNF:3
FNH:3
FNDA:49,(anonymous_0)
FNDA:1,(anonymous_1)
FNDA:1,(anonymous_2)
DA:2,7
DA:8,49
DA:9,9
DA:12,40
DA:13,40
DA:14,40
DA:19,1
DA:20,1
DA:21,1
DA:22,1
DA:27,1
LF:11
LH:11
BRDA:8,0,0,9
BRDA:8,0,1,40
BRDA:8,1,0,49
BRDA:8,1,1,46
BRDA:8,1,2,43
BRF:5
BRH:5
end_of_record
TN:
SF:src\rectangle\rectangleFactory.ts
FN:9,(anonymous_0)
FN:18,(anonymous_1)
FNF:2
FNH:2
FNDA:2,(anonymous_0)
FNDA:2,(anonymous_1)
DA:1,1
DA:3,1
DA:6,1
DA:10,2
DA:12,2
DA:14,2
DA:19,2
DA:20,2
DA:21,1
DA:23,1
LF:10
LH:10
BRF:0
BRH:0
end_of_record
TN:
SF:src\rectangle\rectangleModel.ts
FN:10,(anonymous_0)
FN:27,(anonymous_1)
FN:32,(anonymous_2)
FN:37,(anonymous_3)
FN:45,(anonymous_4)
FNF:5
FNH:5
FNDA:52,(anonymous_0)
FNDA:28,(anonymous_1)
FNDA:2,(anonymous_2)
FNDA:2,(anonymous_3)
FNDA:8,(anonymous_4)
DA:1,4
DA:4,4
DA:11,52
DA:16,52
DA:17,10
DA:20,42
DA:21,42
DA:22,42
DA:23,42
DA:28,28
DA:33,2
DA:38,2
DA:46,8
DA:47,8
DA:48,8
DA:49,8
DA:52,8
DA:54,8
DA:56,8
LF:19
LH:19
BRDA:16,0,0,10
BRDA:16,0,1,42
BRDA:16,1,0,52
BRDA:16,1,1,44
BRDA:52,2,0,8
BRDA:52,2,1,4
BRDA:54,3,0,8
BRDA:54,3,1,4
BRDA:56,4,0,8
BRDA:56,4,1,4
BRF:10
BRH:10
end_of_record
TN:
SF:src\services\coneService.ts
FN:13,(anonymous_9)
FN:17,(anonymous_10)
FN:21,(anonymous_11)
FN:22,(anonymous_12)
FN:25,(anonymous_13)
FN:26,(anonymous_14)
FN:29,(anonymous_15)
FN:32,(anonymous_16)
FN:37,(anonymous_17)
FN:40,(anonymous_18)
FN:45,(anonymous_19)
FN:49,(anonymous_20)
FN:52,(anonymous_21)
FN:63,(anonymous_22)
FN:64,(anonymous_23)
FNF:15
FNH:15
FNDA:1,(anonymous_9)
FNDA:1,(anonymous_10)
FNDA:1,(anonymous_11)
FNDA:3,(anonymous_12)
FNDA:1,(anonymous_13)
FNDA:4,(anonymous_14)
FNDA:3,(anonymous_15)
FNDA:3,(anonymous_16)
FNDA:3,(anonymous_17)
FNDA:3,(anonymous_18)
FNDA:3,(anonymous_19)
FNDA:4,(anonymous_20)
FNDA:8,(anonymous_21)
FNDA:39,(anonymous_22)
FNDA:39,(anonymous_23)
DA:1,2
DA:4,2
DA:5,2
DA:7,2
DA:8,2
DA:9,2
DA:11,2
DA:14,1
DA:18,1
DA:22,3
DA:26,4
DA:30,3
DA:32,2
DA:33,3
DA:38,3
DA:40,2
DA:41,3
DA:46,3
DA:47,1
DA:49,4
DA:55,8
DA:56,8
DA:58,1
DA:61,7
DA:63,39
DA:64,39
DA:66,7
DA:68,7
DA:69,30
DA:70,30
DA:71,14
DA:72,14
DA:74,16
DA:80,7
LF:34
LH:34
BRDA:30,0,0,1
BRDA:30,0,1,2
BRDA:33,1,0,1
BRDA:33,1,1,2
BRDA:38,2,0,1
BRDA:38,2,1,2
BRDA:41,3,0,2
BRDA:41,3,1,1
BRDA:46,4,0,1
BRDA:46,4,1,2
BRF:10
BRH:10
end_of_record
TN:
SF:src\services\rectangleService.ts
FN:10,(anonymous_9)
FN:21,(anonymous_10)
FN:22,(anonymous_11)
FN:41,(anonymous_12)
FN:45,(anonymous_13)
FN:48,(anonymous_14)
FN:49,(anonymous_15)
FN:52,(anonymous_16)
FN:57,(anonymous_17)
FN:60,(anonymous_18)
FN:61,(anonymous_19)
FN:64,(anonymous_20)
FN:71,(anonymous_21)
FN:76,(anonymous_22)
FNF:14
FNH:14
FNDA:9,(anonymous_9)
FNDA:34,(anonymous_10)
FNDA:34,(anonymous_11)
FNDA:3,(anonymous_12)
FNDA:5,(anonymous_13)
FNDA:2,(anonymous_14)
FNDA:3,(anonymous_15)
FNDA:7,(anonymous_16)
FNDA:7,(anonymous_17)
FNDA:2,(anonymous_18)
FNDA:6,(anonymous_19)
FNDA:5,(anonymous_20)
FNDA:5,(anonymous_21)
FNDA:4,(anonymous_22)
DA:1,2
DA:3,2
DA:4,2
DA:5,2
DA:6,2
DA:7,2
DA:9,2
DA:13,9
DA:14,9
DA:16,2
DA:19,7
DA:21,34
DA:22,34
DA:24,7
DA:26,7
DA:27,30
DA:28,30
DA:29,24
DA:30,19
DA:32,11
DA:38,7
DA:42,3
DA:43,1
DA:45,5
DA:49,3
DA:53,7
DA:54,1
DA:56,6
DA:57,7
DA:61,6
DA:65,5
DA:66,1
DA:68,4
DA:72,5
DA:73,1
DA:75,4
DA:76,4
LF:37
LH:37
BRDA:42,0,0,1
BRDA:42,0,1,2
BRDA:53,1,0,1
BRDA:53,1,1,6
BRDA:56,2,0,2
BRDA:56,2,1,4
BRDA:57,3,0,4
BRDA:57,3,1,3
BRDA:65,4,0,1
BRDA:65,4,1,4
BRDA:72,5,0,1
BRDA:72,5,1,4
BRDA:75,6,0,1
BRDA:75,6,1,3
BRDA:76,7,0,2
BRDA:76,7,1,2
BRF:16
BRH:16
end_of_record
TN:
SF:src\shapes\rectangle.ts
FN:9,(anonymous_0)
FN:21,(anonymous_1)
FN:26,(anonymous_2)
FN:31,(anonymous_3)
FN:36,(anonymous_4)
FN:64,(anonymous_5)
FN:68,(anonymous_6)
FN:73,(anonymous_7)
FN:78,(anonymous_8)
FN:83,(anonymous_9)
FN:85,(anonymous_10)
FN:93,(anonymous_11)
FN:98,(anonymous_12)
FN:105,(anonymous_13)
FN:124,(anonymous_14)
FNF:15
FNH:15
FNDA:15,(anonymous_0)
FNDA:60,(anonymous_1)
FNDA:54,(anonymous_2)
FNDA:60,(anonymous_3)
FNDA:15,(anonymous_4)
FNDA:5,(anonymous_5)
FNDA:5,(anonymous_6)
FNDA:1,(anonymous_7)
FNDA:1,(anonymous_8)
FNDA:2,(anonymous_9)
FNDA:5,(anonymous_10)
FNDA:1,(anonymous_11)
FNDA:2,(anonymous_12)
FNDA:2,(anonymous_13)
FNDA:1,(anonymous_14)
DA:3,2
DA:10,15
DA:11,15
DA:12,15
DA:13,15
DA:15,15
DA:16,2
DA:22,60
DA:27,54
DA:32,60
DA:37,15
DA:38,15
DA:39,15
DA:40,15
DA:43,15
DA:48,15
DA:57,15
DA:60,15
DA:65,5
DA:69,5
DA:74,1
DA:79,1
DA:84,2
DA:85,5
DA:94,1
DA:99,2
DA:100,2
DA:101,2
DA:107,2
DA:108,2
DA:109,2
DA:110,2
DA:112,2
DA:125,1
LF:34
LH:34
BRDA:15,0,0,2
BRDA:15,0,1,13
BRDA:43,1,0,15
BRDA:43,1,1,13
BRDA:43,1,2,13
BRDA:43,1,3,13
BRDA:57,2,0,15
BRDA:57,2,1,13
BRDA:60,3,0,15
BRDA:60,3,1,13
BRDA:85,4,0,5
BRDA:85,4,1,4
BRDA:113,5,0,2
BRDA:113,5,1,1
BRDA:113,5,2,1
BRF:15
BRH:15
end_of_record
TN:
SF:src\shapes\shape.ts
FN:14,(anonymous_0)
FN:27,(anonymous_1)
FNF:2
FNH:2
FNDA:80,(anonymous_0)
FNDA:80,(anonymous_1)
DA:8,9
DA:20,80
DA:21,80
DA:22,80
DA:23,80
DA:28,80
DA:29,80
DA:30,80
LF:8
LH:8
BRDA:22,0,0,80
BRDA:22,0,1,80
BRDA:23,1,0,80
BRDA:23,1,1,80
BRF:4
BRH:4
end_of_record
TN:
SF:src\validators\coneValidator.ts
FN:11,(anonymous_0)
FN:26,(anonymous_1)
FN:42,(anonymous_2)
FN:53,(anonymous_3)
FNF:4
FNH:4
FNDA:50,(anonymous_0)
FNDA:152,(anonymous_1)
FNDA:33,(anonymous_2)
FNDA:130,(anonymous_3)
DA:1,6
DA:7,6
DA:12,50
DA:13,2
DA:16,48
DA:18,48
DA:19,12
DA:24,36
DA:26,152
DA:27,10
DA:30,26
DA:32,26
DA:33,12
DA:36,14
DA:43,33
DA:44,6
DA:49,27
DA:51,27
DA:53,130
DA:56,3
DA:59,24
DA:60,7
LF:22
LH:22
BRDA:12,0,0,2
BRDA:12,0,1,48
BRDA:18,1,0,12
BRDA:18,1,1,36
BRDA:26,2,0,10
BRDA:26,2,1,26
BRDA:26,3,0,152
BRDA:26,3,1,143
BRDA:32,4,0,12
BRDA:32,4,1,14
BRDA:32,5,0,26
BRDA:32,5,1,17
BRDA:43,6,0,6
BRDA:43,6,1,27
BRDA:51,7,0,3
BRDA:51,7,1,24
BRDA:53,8,0,130
BRDA:53,8,1,128
BRDA:59,9,0,7
BRDA:59,9,1,17
BRDA:59,10,0,24
BRDA:59,10,1,20
BRF:22
BRH:22
end_of_record
TN:
SF:src\validators\rectangleValidator.ts
FN:6,(anonymous_0)
FN:19,(anonymous_1)
FNF:2
FNH:2
FNDA:29,(anonymous_0)
FNDA:39,(anonymous_1)
DA:1,4
DA:3,4
DA:7,29
DA:8,3
DA:13,26
DA:14,1
DA:20,39
DA:22,39
DA:23,6
DA:28,33
DA:30,33
DA:31,8
DA:34,25
LF:13
LH:13
BRDA:7,0,0,3
BRDA:7,0,1,26
BRDA:13,1,0,1
BRDA:13,1,1,25
BRDA:22,2,0,6
BRDA:22,2,1,33
BRDA:30,3,0,8
BRDA:30,3,1,25
BRF:8
BRH:8
end_of_record
